#! /c/Source/iverilog-install/bin/vvp
:ivl_version "12.0 (devel)" "(s20150603-1539-g2693dd32b)";
:ivl_delay_selection "TYPICAL";
:vpi_time_precision + 0;
:vpi_module "C:\iverilog\lib\ivl\system.vpi";
:vpi_module "C:\iverilog\lib\ivl\vhdl_sys.vpi";
:vpi_module "C:\iverilog\lib\ivl\vhdl_textio.vpi";
:vpi_module "C:\iverilog\lib\ivl\v2005_math.vpi";
:vpi_module "C:\iverilog\lib\ivl\va_math.vpi";
S_00000147f9226220 .scope module, "test_tb" "test_tb" 2 23;
 .timescale 0 0;
P_00000147f921eab0 .param/l "clk_period_p" 0 2 25, +C4<00000000000000000000000000001010>;
v00000147f928b2c0_0 .net "ALU5_out", 0 0, L_00000147f92311c0;  1 drivers
v00000147f928b180_0 .var "Ctrl0", 0 0;
v00000147f928adc0_0 .var "Ctrl1", 0 0;
v00000147f928a960_0 .var "Ctrl2", 0 0;
v00000147f928b5e0_0 .var "Ctrl3", 0 0;
v00000147f928b220_0 .var "Ctrl4", 0 0;
v00000147f928b040_0 .var "Ctrl5", 0 0;
v00000147f928b720_0 .var "c_flag", 0 0;
S_00000147f92263b0 .scope module, "decode_ALU5" "decode_ALU5" 2 30, 3 1 0, S_00000147f9226220;
 .timescale 0 0;
    .port_info 0 /INPUT 1 "Ctrl0";
    .port_info 1 /INPUT 1 "Ctrl1";
    .port_info 2 /INPUT 1 "Ctrl2";
    .port_info 3 /INPUT 1 "Ctrl3";
    .port_info 4 /INPUT 1 "Ctrl4";
    .port_info 5 /INPUT 1 "Ctrl5";
    .port_info 6 /INPUT 1 "c_flag";
    .port_info 7 /OUTPUT 1 "ALU5_out";
L_00000147f9231850 .functor NOT 1, v00000147f928adc0_0, C4<0>, C4<0>, C4<0>;
L_00000147f9231310 .functor NOT 1, v00000147f928b5e0_0, C4<0>, C4<0>, C4<0>;
v00000147f928af00_0 .net "ALU5_out", 0 0, L_00000147f92311c0;  alias, 1 drivers
v00000147f928afa0_0 .net "Ctrl0", 0 0, v00000147f928b180_0;  1 drivers
v00000147f928b4a0_0 .net "Ctrl1", 0 0, v00000147f928adc0_0;  1 drivers
v00000147f928abe0_0 .net "Ctrl2", 0 0, v00000147f928a960_0;  1 drivers
v00000147f928b680_0 .net "Ctrl3", 0 0, v00000147f928b5e0_0;  1 drivers
v00000147f928b540_0 .net "Ctrl4", 0 0, v00000147f928b220_0;  1 drivers
v00000147f928ac80_0 .net "Ctrl5", 0 0, v00000147f928b040_0;  1 drivers
v00000147f928b860_0 .net "c_flag", 0 0, v00000147f928b720_0;  1 drivers
v00000147f928ad20_0 .net "tmp1", 0 0, L_00000147f9231460;  1 drivers
S_00000147f9231f50 .scope module, "NAND1" "NAND" 3 5, 2 12 0, S_00000147f92263b0;
 .timescale 0 0;
    .port_info 0 /INPUT 1 "a";
    .port_info 1 /INPUT 1 "b";
    .port_info 2 /OUTPUT 1 "y";
L_00000147f9231460 .functor NOT 1, L_00000147f9231620, C4<0>, C4<0>, C4<0>;
v00000147f9232310_0 .net "a", 0 0, L_00000147f9231850;  1 drivers
v00000147f9226540_0 .net "b", 0 0, L_00000147f9231310;  1 drivers
v00000147f92265e0_0 .net "tmp", 0 0, L_00000147f9231620;  1 drivers
v00000147f9224720_0 .net "y", 0 0, L_00000147f9231460;  alias, 1 drivers
S_00000147f92320e0 .scope module, "AND" "AND" 2 16, 2 1 0, S_00000147f9231f50;
 .timescale 0 0;
    .port_info 0 /INPUT 1 "a";
    .port_info 1 /INPUT 1 "b";
    .port_info 2 /OUTPUT 1 "x";
L_00000147f9231620 .functor AND 1, L_00000147f9231850, L_00000147f9231310, C4<1>, C4<1>;
v00000147f91f31a0_0 .net "a", 0 0, L_00000147f9231850;  alias, 1 drivers
v00000147f921a870_0 .net "b", 0 0, L_00000147f9231310;  alias, 1 drivers
v00000147f9232270_0 .net "x", 0 0, L_00000147f9231620;  alias, 1 drivers
S_00000147f91f2720 .scope module, "NAND2" "NAND" 3 6, 2 12 0, S_00000147f92263b0;
 .timescale 0 0;
    .port_info 0 /INPUT 1 "a";
    .port_info 1 /INPUT 1 "b";
    .port_info 2 /OUTPUT 1 "y";
L_00000147f92311c0 .functor NOT 1, L_00000147f9231150, C4<0>, C4<0>, C4<0>;
v00000147f928a870_0 .net "a", 0 0, L_00000147f9231460;  alias, 1 drivers
v00000147f928b7c0_0 .net "b", 0 0, L_00000147f9231460;  alias, 1 drivers
v00000147f928ab40_0 .net "tmp", 0 0, L_00000147f9231150;  1 drivers
v00000147f928ae60_0 .net "y", 0 0, L_00000147f92311c0;  alias, 1 drivers
S_00000147f91f28b0 .scope module, "AND" "AND" 2 16, 2 1 0, S_00000147f91f2720;
 .timescale 0 0;
    .port_info 0 /INPUT 1 "a";
    .port_info 1 /INPUT 1 "b";
    .port_info 2 /OUTPUT 1 "x";
L_00000147f9231150 .functor AND 1, L_00000147f9231460, L_00000147f9231460, C4<1>, C4<1>;
v00000147f92247c0_0 .net "a", 0 0, L_00000147f9231460;  alias, 1 drivers
v00000147f91f2a40_0 .net "b", 0 0, L_00000147f9231460;  alias, 1 drivers
v00000147f91f2ae0_0 .net "x", 0 0, L_00000147f9231150;  alias, 1 drivers
    .scope S_00000147f9226220;
T_0 ;
    %vpi_call 2 33 "$dumpfile", "test.vcd" {0 0 0};
    %vpi_call 2 34 "$dumpvars", 32'sb00000000000000000000000000000000 {0 0 0};
    %vpi_call 2 35 "$monitor", "%t: Ctrl0 = %b, Ctrl1 = %b, Ctrl2 = %b, Ctrl3 = %b, Ctrl4 = %b, Ctrl5 = %b, c_flag = %b, ALU5_out = %b, ", $time, v00000147f928b180_0, v00000147f928adc0_0, v00000147f928a960_0, v00000147f928b5e0_0, v00000147f928b220_0, v00000147f928b040_0, v00000147f928b720_0, v00000147f928b2c0_0 {0 0 0};
    %pushi/vec4 0, 0, 1;
    %store/vec4 v00000147f928b180_0, 0, 1;
    %pushi/vec4 1, 0, 1;
    %store/vec4 v00000147f928adc0_0, 0, 1;
    %pushi/vec4 0, 0, 1;
    %store/vec4 v00000147f928a960_0, 0, 1;
    %pushi/vec4 0, 0, 1;
    %store/vec4 v00000147f928b5e0_0, 0, 1;
    %pushi/vec4 1, 0, 1;
    %store/vec4 v00000147f928b220_0, 0, 1;
    %pushi/vec4 0, 0, 1;
    %store/vec4 v00000147f928b040_0, 0, 1;
    %delay 10, 0;
    %pushi/vec4 0, 0, 1;
    %store/vec4 v00000147f928b180_0, 0, 1;
    %pushi/vec4 1, 0, 1;
    %store/vec4 v00000147f928adc0_0, 0, 1;
    %pushi/vec4 0, 0, 1;
    %store/vec4 v00000147f928a960_0, 0, 1;
    %pushi/vec4 0, 0, 1;
    %store/vec4 v00000147f928b5e0_0, 0, 1;
    %pushi/vec4 0, 0, 1;
    %store/vec4 v00000147f928b220_0, 0, 1;
    %pushi/vec4 1, 0, 1;
    %store/vec4 v00000147f928b040_0, 0, 1;
    %delay 10, 0;
    %pushi/vec4 0, 0, 1;
    %store/vec4 v00000147f928b180_0, 0, 1;
    %pushi/vec4 0, 0, 1;
    %store/vec4 v00000147f928adc0_0, 0, 1;
    %pushi/vec4 1, 0, 1;
    %store/vec4 v00000147f928a960_0, 0, 1;
    %pushi/vec4 0, 0, 1;
    %store/vec4 v00000147f928b5e0_0, 0, 1;
    %pushi/vec4 1, 0, 1;
    %store/vec4 v00000147f928b220_0, 0, 1;
    %pushi/vec4 0, 0, 1;
    %store/vec4 v00000147f928b040_0, 0, 1;
    %delay 10, 0;
    %pushi/vec4 0, 0, 1;
    %store/vec4 v00000147f928b180_0, 0, 1;
    %pushi/vec4 0, 0, 1;
    %store/vec4 v00000147f928adc0_0, 0, 1;
    %pushi/vec4 1, 0, 1;
    %store/vec4 v00000147f928a960_0, 0, 1;
    %pushi/vec4 1, 0, 1;
    %store/vec4 v00000147f928b5e0_0, 0, 1;
    %pushi/vec4 0, 0, 1;
    %store/vec4 v00000147f928b220_0, 0, 1;
    %pushi/vec4 0, 0, 1;
    %store/vec4 v00000147f928b040_0, 0, 1;
    %delay 10, 0;
    %pushi/vec4 0, 0, 1;
    %store/vec4 v00000147f928b180_0, 0, 1;
    %pushi/vec4 0, 0, 1;
    %store/vec4 v00000147f928adc0_0, 0, 1;
    %pushi/vec4 1, 0, 1;
    %store/vec4 v00000147f928a960_0, 0, 1;
    %pushi/vec4 1, 0, 1;
    %store/vec4 v00000147f928b5e0_0, 0, 1;
    %pushi/vec4 1, 0, 1;
    %store/vec4 v00000147f928b220_0, 0, 1;
    %pushi/vec4 0, 0, 1;
    %store/vec4 v00000147f928b040_0, 0, 1;
    %delay 10, 0;
    %pushi/vec4 0, 0, 1;
    %store/vec4 v00000147f928b180_0, 0, 1;
    %pushi/vec4 0, 0, 1;
    %store/vec4 v00000147f928adc0_0, 0, 1;
    %pushi/vec4 0, 0, 1;
    %store/vec4 v00000147f928a960_0, 0, 1;
    %pushi/vec4 1, 0, 1;
    %store/vec4 v00000147f928b5e0_0, 0, 1;
    %pushi/vec4 1, 0, 1;
    %store/vec4 v00000147f928b220_0, 0, 1;
    %pushi/vec4 0, 0, 1;
    %store/vec4 v00000147f928b040_0, 0, 1;
    %delay 10, 0;
    %pushi/vec4 0, 0, 1;
    %store/vec4 v00000147f928b180_0, 0, 1;
    %pushi/vec4 0, 0, 1;
    %store/vec4 v00000147f928adc0_0, 0, 1;
    %pushi/vec4 0, 0, 1;
    %store/vec4 v00000147f928a960_0, 0, 1;
    %pushi/vec4 0, 0, 1;
    %store/vec4 v00000147f928b5e0_0, 0, 1;
    %pushi/vec4 0, 0, 1;
    %store/vec4 v00000147f928b220_0, 0, 1;
    %pushi/vec4 0, 0, 1;
    %store/vec4 v00000147f928b040_0, 0, 1;
    %delay 10, 0;
    %pushi/vec4 0, 0, 1;
    %store/vec4 v00000147f928b180_0, 0, 1;
    %pushi/vec4 1, 0, 1;
    %store/vec4 v00000147f928adc0_0, 0, 1;
    %pushi/vec4 1, 0, 1;
    %store/vec4 v00000147f928a960_0, 0, 1;
    %pushi/vec4 0, 0, 1;
    %store/vec4 v00000147f928b5e0_0, 0, 1;
    %pushi/vec4 1, 0, 1;
    %store/vec4 v00000147f928b220_0, 0, 1;
    %pushi/vec4 1, 0, 1;
    %store/vec4 v00000147f928b040_0, 0, 1;
    %delay 10, 0;
    %pushi/vec4 0, 0, 1;
    %store/vec4 v00000147f928b180_0, 0, 1;
    %pushi/vec4 1, 0, 1;
    %store/vec4 v00000147f928adc0_0, 0, 1;
    %pushi/vec4 1, 0, 1;
    %store/vec4 v00000147f928a960_0, 0, 1;
    %pushi/vec4 0, 0, 1;
    %store/vec4 v00000147f928b5e0_0, 0, 1;
    %pushi/vec4 0, 0, 1;
    %store/vec4 v00000147f928b220_0, 0, 1;
    %pushi/vec4 0, 0, 1;
    %store/vec4 v00000147f928b040_0, 0, 1;
    %delay 10, 0;
    %pushi/vec4 1, 0, 1;
    %store/vec4 v00000147f928b180_0, 0, 1;
    %pushi/vec4 0, 0, 1;
    %store/vec4 v00000147f928adc0_0, 0, 1;
    %pushi/vec4 0, 0, 1;
    %store/vec4 v00000147f928a960_0, 0, 1;
    %pushi/vec4 1, 0, 1;
    %store/vec4 v00000147f928b5e0_0, 0, 1;
    %pushi/vec4 0, 0, 1;
    %store/vec4 v00000147f928b220_0, 0, 1;
    %pushi/vec4 0, 0, 1;
    %store/vec4 v00000147f928b040_0, 0, 1;
    %delay 10, 0;
    %pushi/vec4 1, 0, 1;
    %store/vec4 v00000147f928b180_0, 0, 1;
    %pushi/vec4 0, 0, 1;
    %store/vec4 v00000147f928adc0_0, 0, 1;
    %pushi/vec4 0, 0, 1;
    %store/vec4 v00000147f928a960_0, 0, 1;
    %pushi/vec4 0, 0, 1;
    %store/vec4 v00000147f928b5e0_0, 0, 1;
    %pushi/vec4 0, 0, 1;
    %store/vec4 v00000147f928b220_0, 0, 1;
    %pushi/vec4 0, 0, 1;
    %store/vec4 v00000147f928b040_0, 0, 1;
    %delay 10, 0;
    %pushi/vec4 1, 0, 1;
    %store/vec4 v00000147f928b180_0, 0, 1;
    %pushi/vec4 0, 0, 1;
    %store/vec4 v00000147f928adc0_0, 0, 1;
    %pushi/vec4 0, 0, 1;
    %store/vec4 v00000147f928a960_0, 0, 1;
    %pushi/vec4 0, 0, 1;
    %store/vec4 v00000147f928b5e0_0, 0, 1;
    %pushi/vec4 1, 0, 1;
    %store/vec4 v00000147f928b220_0, 0, 1;
    %pushi/vec4 0, 0, 1;
    %store/vec4 v00000147f928b040_0, 0, 1;
    %delay 10, 0;
    %pushi/vec4 1, 0, 1;
    %store/vec4 v00000147f928b180_0, 0, 1;
    %pushi/vec4 0, 0, 1;
    %store/vec4 v00000147f928adc0_0, 0, 1;
    %pushi/vec4 1, 0, 1;
    %store/vec4 v00000147f928a960_0, 0, 1;
    %pushi/vec4 1, 0, 1;
    %store/vec4 v00000147f928b5e0_0, 0, 1;
    %pushi/vec4 0, 0, 1;
    %store/vec4 v00000147f928b220_0, 0, 1;
    %pushi/vec4 0, 0, 1;
    %store/vec4 v00000147f928b040_0, 0, 1;
    %delay 10, 0;
    %pushi/vec4 1, 0, 1;
    %store/vec4 v00000147f928b180_0, 0, 1;
    %pushi/vec4 0, 0, 1;
    %store/vec4 v00000147f928adc0_0, 0, 1;
    %pushi/vec4 1, 0, 1;
    %store/vec4 v00000147f928a960_0, 0, 1;
    %pushi/vec4 0, 0, 1;
    %store/vec4 v00000147f928b5e0_0, 0, 1;
    %pushi/vec4 0, 0, 1;
    %store/vec4 v00000147f928b220_0, 0, 1;
    %pushi/vec4 0, 0, 1;
    %store/vec4 v00000147f928b040_0, 0, 1;
    %delay 10, 0;
    %pushi/vec4 1, 0, 1;
    %store/vec4 v00000147f928b180_0, 0, 1;
    %pushi/vec4 0, 0, 1;
    %store/vec4 v00000147f928adc0_0, 0, 1;
    %pushi/vec4 1, 0, 1;
    %store/vec4 v00000147f928a960_0, 0, 1;
    %pushi/vec4 0, 0, 1;
    %store/vec4 v00000147f928b5e0_0, 0, 1;
    %pushi/vec4 1, 0, 1;
    %store/vec4 v00000147f928b220_0, 0, 1;
    %pushi/vec4 0, 0, 1;
    %store/vec4 v00000147f928b040_0, 0, 1;
    %delay 10, 0;
    %vpi_call 2 157 "$finish" {0 0 0};
    %end;
    .thread T_0;
# The file index is used to find the file name in the following table.
:file_names 4;
    "N/A";
    "<interactive>";
    "ALU5.v";
    "decoder_ALU5.v";
