#! /c/Source/iverilog-install/bin/vvp
:ivl_version "12.0 (devel)" "(s20150603-1539-g2693dd32b)";
:ivl_delay_selection "TYPICAL";
:vpi_time_precision + 0;
:vpi_module "C:\iverilog\lib\ivl\system.vpi";
:vpi_module "C:\iverilog\lib\ivl\vhdl_sys.vpi";
:vpi_module "C:\iverilog\lib\ivl\vhdl_textio.vpi";
:vpi_module "C:\iverilog\lib\ivl\v2005_math.vpi";
:vpi_module "C:\iverilog\lib\ivl\va_math.vpi";
S_000001daa4bfbd00 .scope module, "test_tb" "test_tb" 2 23;
 .timescale 0 0;
P_000001daa4c3de50 .param/l "clk_period_p" 0 2 25, +C4<00000000000000000000000000001010>;
v000001daa4c43380_0 .net "ALU0_out", 0 0, L_000001daa4c51770;  1 drivers
v000001daa4c42fc0_0 .var "Ctrl0", 0 0;
v000001daa4c43740_0 .var "Ctrl1", 0 0;
v000001daa4c42e80_0 .var "Ctrl2", 0 0;
v000001daa4c43560_0 .var "Ctrl3", 0 0;
v000001daa4c432e0_0 .var "Ctrl4", 0 0;
v000001daa4c43240_0 .var "Ctrl5", 0 0;
v000001daa4c43420_0 .var "c_flag", 0 0;
S_000001daa4c46220 .scope module, "decode_ALU0" "decode_ALU0" 2 30, 3 1 0, S_000001daa4bfbd00;
 .timescale 0 0;
    .port_info 0 /INPUT 1 "Ctrl0";
    .port_info 1 /INPUT 1 "Ctrl1";
    .port_info 2 /INPUT 1 "Ctrl2";
    .port_info 3 /INPUT 1 "Ctrl3";
    .port_info 4 /INPUT 1 "Ctrl4";
    .port_info 5 /INPUT 1 "Ctrl5";
    .port_info 6 /INPUT 1 "c_flag";
    .port_info 7 /OUTPUT 1 "ALU0_out";
L_000001daa4c513f0 .functor NOT 1, v000001daa4c42fc0_0, C4<0>, C4<0>, C4<0>;
v000001daa4c523a0_0 .net "ALU0_out", 0 0, L_000001daa4c51770;  alias, 1 drivers
v000001daa4c12720_0 .net "Ctrl0", 0 0, v000001daa4c42fc0_0;  1 drivers
v000001daa4c127c0_0 .net "Ctrl1", 0 0, v000001daa4c43740_0;  1 drivers
v000001daa4c12860_0 .net "Ctrl2", 0 0, v000001daa4c42e80_0;  1 drivers
v000001daa4c12900_0 .net "Ctrl3", 0 0, v000001daa4c43560_0;  1 drivers
v000001daa4c129a0_0 .net "Ctrl4", 0 0, v000001daa4c432e0_0;  1 drivers
v000001daa4c12a40_0 .net "Ctrl5", 0 0, v000001daa4c43240_0;  1 drivers
v000001daa4c431a0_0 .net "c_flag", 0 0, v000001daa4c43420_0;  1 drivers
S_000001daa4c463b0 .scope module, "NAND1" "NAND" 3 4, 2 12 0, S_000001daa4c46220;
 .timescale 0 0;
    .port_info 0 /INPUT 1 "a";
    .port_info 1 /INPUT 1 "b";
    .port_info 2 /OUTPUT 1 "y";
L_000001daa4c51770 .functor NOT 1, L_000001daa4c51460, C4<0>, C4<0>, C4<0>;
v000001daa4c465e0_0 .net "a", 0 0, L_000001daa4c513f0;  1 drivers
v000001daa4c521c0_0 .net "b", 0 0, v000001daa4c43740_0;  alias, 1 drivers
v000001daa4c52260_0 .net "tmp", 0 0, L_000001daa4c51460;  1 drivers
v000001daa4c52300_0 .net "y", 0 0, L_000001daa4c51770;  alias, 1 drivers
S_000001daa4c52030 .scope module, "AND" "AND" 2 16, 2 1 0, S_000001daa4c463b0;
 .timescale 0 0;
    .port_info 0 /INPUT 1 "a";
    .port_info 1 /INPUT 1 "b";
    .port_info 2 /OUTPUT 1 "x";
L_000001daa4c51460 .functor AND 1, L_000001daa4c513f0, v000001daa4c43740_0, C4<1>, C4<1>;
v000001daa4c131a0_0 .net "a", 0 0, L_000001daa4c513f0;  alias, 1 drivers
v000001daa4bf8330_0 .net "b", 0 0, v000001daa4c43740_0;  alias, 1 drivers
v000001daa4c46540_0 .net "x", 0 0, L_000001daa4c51460;  alias, 1 drivers
    .scope S_000001daa4bfbd00;
T_0 ;
    %vpi_call 2 33 "$dumpfile", "test.vcd" {0 0 0};
    %vpi_call 2 34 "$dumpvars", 32'sb00000000000000000000000000000000 {0 0 0};
    %vpi_call 2 35 "$monitor", "%t: Ctrl0 = %b, Ctrl1 = %b, Ctrl2 = %b, Ctrl3 = %b, Ctrl4 = %b, Ctrl5 = %b, c_flag = %b, ALU0_out = %b, ", $time, v000001daa4c42fc0_0, v000001daa4c43740_0, v000001daa4c42e80_0, v000001daa4c43560_0, v000001daa4c432e0_0, v000001daa4c43240_0, v000001daa4c43420_0, v000001daa4c43380_0 {0 0 0};
    %pushi/vec4 0, 0, 1;
    %store/vec4 v000001daa4c42fc0_0, 0, 1;
    %pushi/vec4 1, 0, 1;
    %store/vec4 v000001daa4c43740_0, 0, 1;
    %pushi/vec4 0, 0, 1;
    %store/vec4 v000001daa4c42e80_0, 0, 1;
    %pushi/vec4 0, 0, 1;
    %store/vec4 v000001daa4c43560_0, 0, 1;
    %pushi/vec4 1, 0, 1;
    %store/vec4 v000001daa4c432e0_0, 0, 1;
    %pushi/vec4 0, 0, 1;
    %store/vec4 v000001daa4c43240_0, 0, 1;
    %delay 10, 0;
    %pushi/vec4 0, 0, 1;
    %store/vec4 v000001daa4c42fc0_0, 0, 1;
    %pushi/vec4 1, 0, 1;
    %store/vec4 v000001daa4c43740_0, 0, 1;
    %pushi/vec4 0, 0, 1;
    %store/vec4 v000001daa4c42e80_0, 0, 1;
    %pushi/vec4 0, 0, 1;
    %store/vec4 v000001daa4c43560_0, 0, 1;
    %pushi/vec4 0, 0, 1;
    %store/vec4 v000001daa4c432e0_0, 0, 1;
    %pushi/vec4 1, 0, 1;
    %store/vec4 v000001daa4c43240_0, 0, 1;
    %delay 10, 0;
    %pushi/vec4 0, 0, 1;
    %store/vec4 v000001daa4c42fc0_0, 0, 1;
    %pushi/vec4 0, 0, 1;
    %store/vec4 v000001daa4c43740_0, 0, 1;
    %pushi/vec4 1, 0, 1;
    %store/vec4 v000001daa4c42e80_0, 0, 1;
    %pushi/vec4 0, 0, 1;
    %store/vec4 v000001daa4c43560_0, 0, 1;
    %pushi/vec4 1, 0, 1;
    %store/vec4 v000001daa4c432e0_0, 0, 1;
    %pushi/vec4 0, 0, 1;
    %store/vec4 v000001daa4c43240_0, 0, 1;
    %delay 10, 0;
    %pushi/vec4 0, 0, 1;
    %store/vec4 v000001daa4c42fc0_0, 0, 1;
    %pushi/vec4 0, 0, 1;
    %store/vec4 v000001daa4c43740_0, 0, 1;
    %pushi/vec4 1, 0, 1;
    %store/vec4 v000001daa4c42e80_0, 0, 1;
    %pushi/vec4 1, 0, 1;
    %store/vec4 v000001daa4c43560_0, 0, 1;
    %pushi/vec4 0, 0, 1;
    %store/vec4 v000001daa4c432e0_0, 0, 1;
    %pushi/vec4 0, 0, 1;
    %store/vec4 v000001daa4c43240_0, 0, 1;
    %delay 10, 0;
    %pushi/vec4 0, 0, 1;
    %store/vec4 v000001daa4c42fc0_0, 0, 1;
    %pushi/vec4 0, 0, 1;
    %store/vec4 v000001daa4c43740_0, 0, 1;
    %pushi/vec4 1, 0, 1;
    %store/vec4 v000001daa4c42e80_0, 0, 1;
    %pushi/vec4 1, 0, 1;
    %store/vec4 v000001daa4c43560_0, 0, 1;
    %pushi/vec4 1, 0, 1;
    %store/vec4 v000001daa4c432e0_0, 0, 1;
    %pushi/vec4 0, 0, 1;
    %store/vec4 v000001daa4c43240_0, 0, 1;
    %delay 10, 0;
    %pushi/vec4 0, 0, 1;
    %store/vec4 v000001daa4c42fc0_0, 0, 1;
    %pushi/vec4 0, 0, 1;
    %store/vec4 v000001daa4c43740_0, 0, 1;
    %pushi/vec4 0, 0, 1;
    %store/vec4 v000001daa4c42e80_0, 0, 1;
    %pushi/vec4 1, 0, 1;
    %store/vec4 v000001daa4c43560_0, 0, 1;
    %pushi/vec4 1, 0, 1;
    %store/vec4 v000001daa4c432e0_0, 0, 1;
    %pushi/vec4 0, 0, 1;
    %store/vec4 v000001daa4c43240_0, 0, 1;
    %delay 10, 0;
    %pushi/vec4 0, 0, 1;
    %store/vec4 v000001daa4c42fc0_0, 0, 1;
    %pushi/vec4 0, 0, 1;
    %store/vec4 v000001daa4c43740_0, 0, 1;
    %pushi/vec4 0, 0, 1;
    %store/vec4 v000001daa4c42e80_0, 0, 1;
    %pushi/vec4 0, 0, 1;
    %store/vec4 v000001daa4c43560_0, 0, 1;
    %pushi/vec4 0, 0, 1;
    %store/vec4 v000001daa4c432e0_0, 0, 1;
    %pushi/vec4 0, 0, 1;
    %store/vec4 v000001daa4c43240_0, 0, 1;
    %delay 10, 0;
    %pushi/vec4 0, 0, 1;
    %store/vec4 v000001daa4c42fc0_0, 0, 1;
    %pushi/vec4 1, 0, 1;
    %store/vec4 v000001daa4c43740_0, 0, 1;
    %pushi/vec4 1, 0, 1;
    %store/vec4 v000001daa4c42e80_0, 0, 1;
    %pushi/vec4 0, 0, 1;
    %store/vec4 v000001daa4c43560_0, 0, 1;
    %pushi/vec4 1, 0, 1;
    %store/vec4 v000001daa4c432e0_0, 0, 1;
    %pushi/vec4 1, 0, 1;
    %store/vec4 v000001daa4c43240_0, 0, 1;
    %delay 10, 0;
    %pushi/vec4 0, 0, 1;
    %store/vec4 v000001daa4c42fc0_0, 0, 1;
    %pushi/vec4 1, 0, 1;
    %store/vec4 v000001daa4c43740_0, 0, 1;
    %pushi/vec4 1, 0, 1;
    %store/vec4 v000001daa4c42e80_0, 0, 1;
    %pushi/vec4 0, 0, 1;
    %store/vec4 v000001daa4c43560_0, 0, 1;
    %pushi/vec4 0, 0, 1;
    %store/vec4 v000001daa4c432e0_0, 0, 1;
    %pushi/vec4 0, 0, 1;
    %store/vec4 v000001daa4c43240_0, 0, 1;
    %delay 10, 0;
    %pushi/vec4 1, 0, 1;
    %store/vec4 v000001daa4c42fc0_0, 0, 1;
    %pushi/vec4 0, 0, 1;
    %store/vec4 v000001daa4c43740_0, 0, 1;
    %pushi/vec4 0, 0, 1;
    %store/vec4 v000001daa4c42e80_0, 0, 1;
    %pushi/vec4 1, 0, 1;
    %store/vec4 v000001daa4c43560_0, 0, 1;
    %pushi/vec4 0, 0, 1;
    %store/vec4 v000001daa4c432e0_0, 0, 1;
    %pushi/vec4 0, 0, 1;
    %store/vec4 v000001daa4c43240_0, 0, 1;
    %delay 10, 0;
    %pushi/vec4 1, 0, 1;
    %store/vec4 v000001daa4c42fc0_0, 0, 1;
    %pushi/vec4 0, 0, 1;
    %store/vec4 v000001daa4c43740_0, 0, 1;
    %pushi/vec4 0, 0, 1;
    %store/vec4 v000001daa4c42e80_0, 0, 1;
    %pushi/vec4 0, 0, 1;
    %store/vec4 v000001daa4c43560_0, 0, 1;
    %pushi/vec4 0, 0, 1;
    %store/vec4 v000001daa4c432e0_0, 0, 1;
    %pushi/vec4 0, 0, 1;
    %store/vec4 v000001daa4c43240_0, 0, 1;
    %delay 10, 0;
    %pushi/vec4 1, 0, 1;
    %store/vec4 v000001daa4c42fc0_0, 0, 1;
    %pushi/vec4 0, 0, 1;
    %store/vec4 v000001daa4c43740_0, 0, 1;
    %pushi/vec4 0, 0, 1;
    %store/vec4 v000001daa4c42e80_0, 0, 1;
    %pushi/vec4 0, 0, 1;
    %store/vec4 v000001daa4c43560_0, 0, 1;
    %pushi/vec4 1, 0, 1;
    %store/vec4 v000001daa4c432e0_0, 0, 1;
    %pushi/vec4 0, 0, 1;
    %store/vec4 v000001daa4c43240_0, 0, 1;
    %delay 10, 0;
    %pushi/vec4 1, 0, 1;
    %store/vec4 v000001daa4c42fc0_0, 0, 1;
    %pushi/vec4 0, 0, 1;
    %store/vec4 v000001daa4c43740_0, 0, 1;
    %pushi/vec4 1, 0, 1;
    %store/vec4 v000001daa4c42e80_0, 0, 1;
    %pushi/vec4 1, 0, 1;
    %store/vec4 v000001daa4c43560_0, 0, 1;
    %pushi/vec4 0, 0, 1;
    %store/vec4 v000001daa4c432e0_0, 0, 1;
    %pushi/vec4 0, 0, 1;
    %store/vec4 v000001daa4c43240_0, 0, 1;
    %delay 10, 0;
    %pushi/vec4 1, 0, 1;
    %store/vec4 v000001daa4c42fc0_0, 0, 1;
    %pushi/vec4 0, 0, 1;
    %store/vec4 v000001daa4c43740_0, 0, 1;
    %pushi/vec4 1, 0, 1;
    %store/vec4 v000001daa4c42e80_0, 0, 1;
    %pushi/vec4 0, 0, 1;
    %store/vec4 v000001daa4c43560_0, 0, 1;
    %pushi/vec4 0, 0, 1;
    %store/vec4 v000001daa4c432e0_0, 0, 1;
    %pushi/vec4 0, 0, 1;
    %store/vec4 v000001daa4c43240_0, 0, 1;
    %delay 10, 0;
    %pushi/vec4 1, 0, 1;
    %store/vec4 v000001daa4c42fc0_0, 0, 1;
    %pushi/vec4 0, 0, 1;
    %store/vec4 v000001daa4c43740_0, 0, 1;
    %pushi/vec4 1, 0, 1;
    %store/vec4 v000001daa4c42e80_0, 0, 1;
    %pushi/vec4 0, 0, 1;
    %store/vec4 v000001daa4c43560_0, 0, 1;
    %pushi/vec4 1, 0, 1;
    %store/vec4 v000001daa4c432e0_0, 0, 1;
    %pushi/vec4 0, 0, 1;
    %store/vec4 v000001daa4c43240_0, 0, 1;
    %delay 10, 0;
    %vpi_call 2 157 "$finish" {0 0 0};
    %end;
    .thread T_0;
# The file index is used to find the file name in the following table.
:file_names 4;
    "N/A";
    "<interactive>";
    "ALU0.v";
    "decoder_ALU0.v";
