#! /c/Source/iverilog-install/bin/vvp
:ivl_version "12.0 (devel)" "(s20150603-1539-g2693dd32b)";
:ivl_delay_selection "TYPICAL";
:vpi_time_precision + 0;
:vpi_module "C:\iverilog\lib\ivl\system.vpi";
:vpi_module "C:\iverilog\lib\ivl\vhdl_sys.vpi";
:vpi_module "C:\iverilog\lib\ivl\vhdl_textio.vpi";
:vpi_module "C:\iverilog\lib\ivl\v2005_math.vpi";
:vpi_module "C:\iverilog\lib\ivl\va_math.vpi";
S_0000020961ffbc60 .scope module, "test_tb" "test_tb" 2 23;
 .timescale 0 0;
P_000002096216e150 .param/l "clk_period_p" 0 2 25, +C4<00000000000000000000000000001010>;
v00000209621734c0_0 .net "ALU4_out", 0 0, L_0000020962181850;  1 drivers
v0000020962172fc0_0 .var "Ctrl0", 0 0;
v0000020962172c00_0 .var "Ctrl1", 0 0;
v0000020962173880_0 .var "Ctrl2", 0 0;
v0000020962172f20_0 .var "Ctrl3", 0 0;
v0000020962173380_0 .var "Ctrl4", 0 0;
v00000209621736a0_0 .var "Ctrl5", 0 0;
v0000020962173100_0 .var "c_flag", 0 0;
S_0000020962176220 .scope module, "decode_ALU4" "decode_ALU4" 2 30, 3 1 0, S_0000020961ffbc60;
 .timescale 0 0;
    .port_info 0 /INPUT 1 "Ctrl0";
    .port_info 1 /INPUT 1 "Ctrl1";
    .port_info 2 /INPUT 1 "Ctrl2";
    .port_info 3 /INPUT 1 "Ctrl3";
    .port_info 4 /INPUT 1 "Ctrl4";
    .port_info 5 /INPUT 1 "Ctrl5";
    .port_info 6 /INPUT 1 "c_flag";
    .port_info 7 /OUTPUT 1 "ALU4_out";
v0000020962182220_0 .net "ALU4_out", 0 0, L_0000020962181850;  alias, 1 drivers
v00000209621822c0_0 .net "Ctrl0", 0 0, v0000020962172fc0_0;  1 drivers
v0000020962142720_0 .net "Ctrl1", 0 0, v0000020962172c00_0;  1 drivers
v00000209621427c0_0 .net "Ctrl2", 0 0, v0000020962173880_0;  1 drivers
v0000020962142860_0 .net "Ctrl3", 0 0, v0000020962172f20_0;  1 drivers
v0000020962142900_0 .net "Ctrl4", 0 0, v0000020962173380_0;  1 drivers
v00000209621429a0_0 .net "Ctrl5", 0 0, v00000209621736a0_0;  1 drivers
v0000020962142a40_0 .net "c_flag", 0 0, v0000020962173100_0;  1 drivers
S_00000209621763b0 .scope module, "NAND1" "NAND" 3 5, 2 12 0, S_0000020962176220;
 .timescale 0 0;
    .port_info 0 /INPUT 1 "a";
    .port_info 1 /INPUT 1 "b";
    .port_info 2 /OUTPUT 1 "y";
L_0000020962181850 .functor NOT 1, L_0000020962181620, C4<0>, C4<0>, C4<0>;
v0000020962176540_0 .net "a", 0 0, v0000020962172fc0_0;  alias, 1 drivers
v00000209621765e0_0 .net "b", 0 0, v0000020962173880_0;  alias, 1 drivers
v00000209621820e0_0 .net "tmp", 0 0, L_0000020962181620;  1 drivers
v0000020962182180_0 .net "y", 0 0, L_0000020962181850;  alias, 1 drivers
S_0000020962181f50 .scope module, "AND" "AND" 2 16, 2 1 0, S_00000209621763b0;
 .timescale 0 0;
    .port_info 0 /INPUT 1 "a";
    .port_info 1 /INPUT 1 "b";
    .port_info 2 /OUTPUT 1 "x";
L_0000020962181620 .functor AND 1, v0000020962172fc0_0, v0000020962173880_0, C4<1>, C4<1>;
v00000209621431a0_0 .net "a", 0 0, v0000020962172fc0_0;  alias, 1 drivers
v0000020961ffbdf0_0 .net "b", 0 0, v0000020962173880_0;  alias, 1 drivers
v0000020961ff9440_0 .net "x", 0 0, L_0000020962181620;  alias, 1 drivers
    .scope S_0000020961ffbc60;
T_0 ;
    %vpi_call 2 33 "$dumpfile", "test.vcd" {0 0 0};
    %vpi_call 2 34 "$dumpvars", 32'sb00000000000000000000000000000000 {0 0 0};
    %vpi_call 2 35 "$monitor", "%t: Ctrl0 = %b, Ctrl1 = %b, Ctrl2 = %b, Ctrl3 = %b, Ctrl4 = %b, Ctrl5 = %b, c_flag = %b, ALU4_out = %b, ", $time, v0000020962172fc0_0, v0000020962172c00_0, v0000020962173880_0, v0000020962172f20_0, v0000020962173380_0, v00000209621736a0_0, v0000020962173100_0, v00000209621734c0_0 {0 0 0};
    %pushi/vec4 0, 0, 1;
    %store/vec4 v0000020962172fc0_0, 0, 1;
    %pushi/vec4 1, 0, 1;
    %store/vec4 v0000020962172c00_0, 0, 1;
    %pushi/vec4 0, 0, 1;
    %store/vec4 v0000020962173880_0, 0, 1;
    %pushi/vec4 0, 0, 1;
    %store/vec4 v0000020962172f20_0, 0, 1;
    %pushi/vec4 1, 0, 1;
    %store/vec4 v0000020962173380_0, 0, 1;
    %pushi/vec4 0, 0, 1;
    %store/vec4 v00000209621736a0_0, 0, 1;
    %delay 10, 0;
    %pushi/vec4 0, 0, 1;
    %store/vec4 v0000020962172fc0_0, 0, 1;
    %pushi/vec4 1, 0, 1;
    %store/vec4 v0000020962172c00_0, 0, 1;
    %pushi/vec4 0, 0, 1;
    %store/vec4 v0000020962173880_0, 0, 1;
    %pushi/vec4 0, 0, 1;
    %store/vec4 v0000020962172f20_0, 0, 1;
    %pushi/vec4 0, 0, 1;
    %store/vec4 v0000020962173380_0, 0, 1;
    %pushi/vec4 1, 0, 1;
    %store/vec4 v00000209621736a0_0, 0, 1;
    %delay 10, 0;
    %pushi/vec4 0, 0, 1;
    %store/vec4 v0000020962172fc0_0, 0, 1;
    %pushi/vec4 0, 0, 1;
    %store/vec4 v0000020962172c00_0, 0, 1;
    %pushi/vec4 1, 0, 1;
    %store/vec4 v0000020962173880_0, 0, 1;
    %pushi/vec4 0, 0, 1;
    %store/vec4 v0000020962172f20_0, 0, 1;
    %pushi/vec4 1, 0, 1;
    %store/vec4 v0000020962173380_0, 0, 1;
    %pushi/vec4 0, 0, 1;
    %store/vec4 v00000209621736a0_0, 0, 1;
    %delay 10, 0;
    %pushi/vec4 0, 0, 1;
    %store/vec4 v0000020962172fc0_0, 0, 1;
    %pushi/vec4 0, 0, 1;
    %store/vec4 v0000020962172c00_0, 0, 1;
    %pushi/vec4 1, 0, 1;
    %store/vec4 v0000020962173880_0, 0, 1;
    %pushi/vec4 1, 0, 1;
    %store/vec4 v0000020962172f20_0, 0, 1;
    %pushi/vec4 0, 0, 1;
    %store/vec4 v0000020962173380_0, 0, 1;
    %pushi/vec4 0, 0, 1;
    %store/vec4 v00000209621736a0_0, 0, 1;
    %delay 10, 0;
    %pushi/vec4 0, 0, 1;
    %store/vec4 v0000020962172fc0_0, 0, 1;
    %pushi/vec4 0, 0, 1;
    %store/vec4 v0000020962172c00_0, 0, 1;
    %pushi/vec4 1, 0, 1;
    %store/vec4 v0000020962173880_0, 0, 1;
    %pushi/vec4 1, 0, 1;
    %store/vec4 v0000020962172f20_0, 0, 1;
    %pushi/vec4 1, 0, 1;
    %store/vec4 v0000020962173380_0, 0, 1;
    %pushi/vec4 0, 0, 1;
    %store/vec4 v00000209621736a0_0, 0, 1;
    %delay 10, 0;
    %pushi/vec4 0, 0, 1;
    %store/vec4 v0000020962172fc0_0, 0, 1;
    %pushi/vec4 0, 0, 1;
    %store/vec4 v0000020962172c00_0, 0, 1;
    %pushi/vec4 0, 0, 1;
    %store/vec4 v0000020962173880_0, 0, 1;
    %pushi/vec4 1, 0, 1;
    %store/vec4 v0000020962172f20_0, 0, 1;
    %pushi/vec4 1, 0, 1;
    %store/vec4 v0000020962173380_0, 0, 1;
    %pushi/vec4 0, 0, 1;
    %store/vec4 v00000209621736a0_0, 0, 1;
    %delay 10, 0;
    %pushi/vec4 0, 0, 1;
    %store/vec4 v0000020962172fc0_0, 0, 1;
    %pushi/vec4 0, 0, 1;
    %store/vec4 v0000020962172c00_0, 0, 1;
    %pushi/vec4 0, 0, 1;
    %store/vec4 v0000020962173880_0, 0, 1;
    %pushi/vec4 0, 0, 1;
    %store/vec4 v0000020962172f20_0, 0, 1;
    %pushi/vec4 0, 0, 1;
    %store/vec4 v0000020962173380_0, 0, 1;
    %pushi/vec4 0, 0, 1;
    %store/vec4 v00000209621736a0_0, 0, 1;
    %delay 10, 0;
    %pushi/vec4 0, 0, 1;
    %store/vec4 v0000020962172fc0_0, 0, 1;
    %pushi/vec4 1, 0, 1;
    %store/vec4 v0000020962172c00_0, 0, 1;
    %pushi/vec4 1, 0, 1;
    %store/vec4 v0000020962173880_0, 0, 1;
    %pushi/vec4 0, 0, 1;
    %store/vec4 v0000020962172f20_0, 0, 1;
    %pushi/vec4 1, 0, 1;
    %store/vec4 v0000020962173380_0, 0, 1;
    %pushi/vec4 1, 0, 1;
    %store/vec4 v00000209621736a0_0, 0, 1;
    %delay 10, 0;
    %pushi/vec4 0, 0, 1;
    %store/vec4 v0000020962172fc0_0, 0, 1;
    %pushi/vec4 1, 0, 1;
    %store/vec4 v0000020962172c00_0, 0, 1;
    %pushi/vec4 1, 0, 1;
    %store/vec4 v0000020962173880_0, 0, 1;
    %pushi/vec4 0, 0, 1;
    %store/vec4 v0000020962172f20_0, 0, 1;
    %pushi/vec4 0, 0, 1;
    %store/vec4 v0000020962173380_0, 0, 1;
    %pushi/vec4 0, 0, 1;
    %store/vec4 v00000209621736a0_0, 0, 1;
    %delay 10, 0;
    %pushi/vec4 1, 0, 1;
    %store/vec4 v0000020962172fc0_0, 0, 1;
    %pushi/vec4 0, 0, 1;
    %store/vec4 v0000020962172c00_0, 0, 1;
    %pushi/vec4 0, 0, 1;
    %store/vec4 v0000020962173880_0, 0, 1;
    %pushi/vec4 1, 0, 1;
    %store/vec4 v0000020962172f20_0, 0, 1;
    %pushi/vec4 0, 0, 1;
    %store/vec4 v0000020962173380_0, 0, 1;
    %pushi/vec4 0, 0, 1;
    %store/vec4 v00000209621736a0_0, 0, 1;
    %delay 10, 0;
    %pushi/vec4 1, 0, 1;
    %store/vec4 v0000020962172fc0_0, 0, 1;
    %pushi/vec4 0, 0, 1;
    %store/vec4 v0000020962172c00_0, 0, 1;
    %pushi/vec4 0, 0, 1;
    %store/vec4 v0000020962173880_0, 0, 1;
    %pushi/vec4 0, 0, 1;
    %store/vec4 v0000020962172f20_0, 0, 1;
    %pushi/vec4 0, 0, 1;
    %store/vec4 v0000020962173380_0, 0, 1;
    %pushi/vec4 0, 0, 1;
    %store/vec4 v00000209621736a0_0, 0, 1;
    %delay 10, 0;
    %pushi/vec4 1, 0, 1;
    %store/vec4 v0000020962172fc0_0, 0, 1;
    %pushi/vec4 0, 0, 1;
    %store/vec4 v0000020962172c00_0, 0, 1;
    %pushi/vec4 0, 0, 1;
    %store/vec4 v0000020962173880_0, 0, 1;
    %pushi/vec4 0, 0, 1;
    %store/vec4 v0000020962172f20_0, 0, 1;
    %pushi/vec4 1, 0, 1;
    %store/vec4 v0000020962173380_0, 0, 1;
    %pushi/vec4 0, 0, 1;
    %store/vec4 v00000209621736a0_0, 0, 1;
    %delay 10, 0;
    %pushi/vec4 1, 0, 1;
    %store/vec4 v0000020962172fc0_0, 0, 1;
    %pushi/vec4 0, 0, 1;
    %store/vec4 v0000020962172c00_0, 0, 1;
    %pushi/vec4 1, 0, 1;
    %store/vec4 v0000020962173880_0, 0, 1;
    %pushi/vec4 1, 0, 1;
    %store/vec4 v0000020962172f20_0, 0, 1;
    %pushi/vec4 0, 0, 1;
    %store/vec4 v0000020962173380_0, 0, 1;
    %pushi/vec4 0, 0, 1;
    %store/vec4 v00000209621736a0_0, 0, 1;
    %delay 10, 0;
    %pushi/vec4 1, 0, 1;
    %store/vec4 v0000020962172fc0_0, 0, 1;
    %pushi/vec4 0, 0, 1;
    %store/vec4 v0000020962172c00_0, 0, 1;
    %pushi/vec4 1, 0, 1;
    %store/vec4 v0000020962173880_0, 0, 1;
    %pushi/vec4 0, 0, 1;
    %store/vec4 v0000020962172f20_0, 0, 1;
    %pushi/vec4 0, 0, 1;
    %store/vec4 v0000020962173380_0, 0, 1;
    %pushi/vec4 0, 0, 1;
    %store/vec4 v00000209621736a0_0, 0, 1;
    %delay 10, 0;
    %pushi/vec4 1, 0, 1;
    %store/vec4 v0000020962172fc0_0, 0, 1;
    %pushi/vec4 0, 0, 1;
    %store/vec4 v0000020962172c00_0, 0, 1;
    %pushi/vec4 1, 0, 1;
    %store/vec4 v0000020962173880_0, 0, 1;
    %pushi/vec4 0, 0, 1;
    %store/vec4 v0000020962172f20_0, 0, 1;
    %pushi/vec4 1, 0, 1;
    %store/vec4 v0000020962173380_0, 0, 1;
    %pushi/vec4 0, 0, 1;
    %store/vec4 v00000209621736a0_0, 0, 1;
    %delay 10, 0;
    %vpi_call 2 157 "$finish" {0 0 0};
    %end;
    .thread T_0;
# The file index is used to find the file name in the following table.
:file_names 4;
    "N/A";
    "<interactive>";
    "ALU4.v";
    "decoder_ALU4.v";
