#! /c/Source/iverilog-install/bin/vvp
:ivl_version "12.0 (devel)" "(s20150603-1539-g2693dd32b)";
:ivl_delay_selection "TYPICAL";
:vpi_time_precision + 0;
:vpi_module "C:\iverilog\lib\ivl\system.vpi";
:vpi_module "C:\iverilog\lib\ivl\vhdl_sys.vpi";
:vpi_module "C:\iverilog\lib\ivl\vhdl_textio.vpi";
:vpi_module "C:\iverilog\lib\ivl\v2005_math.vpi";
:vpi_module "C:\iverilog\lib\ivl\va_math.vpi";
S_00000166f7cc6220 .scope module, "test_tb" "test_tb" 2 23;
 .timescale 0 0;
P_00000166f7cbe340 .param/l "clk_period_p" 0 2 25, +C4<00000000000000000000000000001010>;
v00000166f7d262d0_0 .var "ADDRESS_MODE", 0 0;
v00000166f7d26a50_0 .var "Ctrl2", 0 0;
v00000166f7d264b0_0 .net "Ctrl2_out", 0 0, L_00000166f7cd01d0;  1 drivers
v00000166f7d26af0_0 .var "INTERNAL_DEC", 0 0;
v00000166f7d26b90_0 .var "INTERNAL_INC_DEC", 0 0;
v00000166f7d26c30_0 .var "INTERNAL_MOV", 0 0;
S_00000166f7cc63b0 .scope module, "decode_ctrl2" "decode_ctrl2" 2 30, 3 1 0, S_00000166f7cc6220;
 .timescale 0 0;
    .port_info 0 /INPUT 1 "Ctrl2";
    .port_info 1 /INPUT 1 "INTERNAL_MOV";
    .port_info 2 /INPUT 1 "ADDRESS_MODE";
    .port_info 3 /INPUT 1 "INTERNAL_INC_DEC";
    .port_info 4 /INPUT 1 "INTERNAL_DEC";
    .port_info 5 /OUTPUT 1 "Ctrl2_out";
v00000166f7d26ff0_0 .net "ADDRESS_MODE", 0 0, v00000166f7d262d0_0;  1 drivers
v00000166f7d26eb0_0 .net "Ctrl2", 0 0, v00000166f7d26a50_0;  1 drivers
v00000166f7d26190_0 .net "Ctrl2_out", 0 0, L_00000166f7cd01d0;  alias, 1 drivers
v00000166f7d26690_0 .net "INTERNAL_DEC", 0 0, v00000166f7d26af0_0;  1 drivers
v00000166f7d26e10_0 .net "INTERNAL_INC_DEC", 0 0, v00000166f7d26b90_0;  1 drivers
v00000166f7d26870_0 .net "INTERNAL_MOV", 0 0, v00000166f7d26c30_0;  1 drivers
v00000166f7d26910_0 .net "tmp1", 0 0, L_00000166f7cd00f0;  1 drivers
S_00000166f7cd26f0 .scope module, "NAND1" "NAND" 3 5, 2 12 0, S_00000166f7cc63b0;
 .timescale 0 0;
    .port_info 0 /INPUT 1 "a";
    .port_info 1 /INPUT 1 "b";
    .port_info 2 /OUTPUT 1 "y";
L_00000166f7cd00f0 .functor NOT 1, L_00000166f7cd0010, C4<0>, C4<0>, C4<0>;
v00000166f7cd2a10_0 .net "a", 0 0, v00000166f7d26a50_0;  alias, 1 drivers
v00000166f7cd2ab0_0 .net "b", 0 0, v00000166f7d26c30_0;  alias, 1 drivers
v00000166f7cc6540_0 .net "tmp", 0 0, L_00000166f7cd0010;  1 drivers
v00000166f7cc65e0_0 .net "y", 0 0, L_00000166f7cd00f0;  alias, 1 drivers
S_00000166f7cd2880 .scope module, "AND" "AND" 2 16, 2 1 0, S_00000166f7cd26f0;
 .timescale 0 0;
    .port_info 0 /INPUT 1 "a";
    .port_info 1 /INPUT 1 "b";
    .port_info 2 /OUTPUT 1 "x";
L_00000166f7cd0010 .functor AND 1, v00000166f7d26a50_0, v00000166f7d26c30_0, C4<1>, C4<1>;
v00000166f7c931a0_0 .net "a", 0 0, v00000166f7d26a50_0;  alias, 1 drivers
v00000166f7cc4830_0 .net "b", 0 0, v00000166f7d26c30_0;  alias, 1 drivers
v00000166f7e0b0d0_0 .net "x", 0 0, L_00000166f7cd0010;  alias, 1 drivers
S_00000166f7cbaf60 .scope module, "NAND2" "NAND" 3 6, 2 12 0, S_00000166f7cc63b0;
 .timescale 0 0;
    .port_info 0 /INPUT 1 "a";
    .port_info 1 /INPUT 1 "b";
    .port_info 2 /OUTPUT 1 "y";
L_00000166f7cd01d0 .functor NOT 1, L_00000166f7cd0160, C4<0>, C4<0>, C4<0>;
v00000166f7c929f0_0 .net "a", 0 0, L_00000166f7cd00f0;  alias, 1 drivers
v00000166f7c92a90_0 .net "b", 0 0, v00000166f7d26b90_0;  alias, 1 drivers
v00000166f7d26000_0 .net "tmp", 0 0, L_00000166f7cd0160;  1 drivers
v00000166f7d269b0_0 .net "y", 0 0, L_00000166f7cd01d0;  alias, 1 drivers
S_00000166f7c92720 .scope module, "AND" "AND" 2 16, 2 1 0, S_00000166f7cbaf60;
 .timescale 0 0;
    .port_info 0 /INPUT 1 "a";
    .port_info 1 /INPUT 1 "b";
    .port_info 2 /OUTPUT 1 "x";
L_00000166f7cd0160 .functor AND 1, L_00000166f7cd00f0, v00000166f7d26b90_0, C4<1>, C4<1>;
v00000166f7cbb0f0_0 .net "a", 0 0, L_00000166f7cd00f0;  alias, 1 drivers
v00000166f7c928b0_0 .net "b", 0 0, v00000166f7d26b90_0;  alias, 1 drivers
v00000166f7c92950_0 .net "x", 0 0, L_00000166f7cd0160;  alias, 1 drivers
    .scope S_00000166f7cc6220;
T_0 ;
    %vpi_call 2 33 "$dumpfile", "test.vcd" {0 0 0};
    %vpi_call 2 34 "$dumpvars", 32'sb00000000000000000000000000000000 {0 0 0};
    %vpi_call 2 35 "$monitor", "%t: Ctrl2 = %b, INTERNAL_MOV =%b, ADDRESS_MODE = %b, INTERNAL_INC_DEC = %b, INTERNAL_DEC = %b, Ctrl2_out = %b", $time, v00000166f7d26a50_0, v00000166f7d26c30_0, v00000166f7d262d0_0, v00000166f7d26b90_0, v00000166f7d26af0_0, v00000166f7d264b0_0 {0 0 0};
    %pushi/vec4 0, 0, 1;
    %store/vec4 v00000166f7d26a50_0, 0, 1;
    %pushi/vec4 1, 0, 1;
    %store/vec4 v00000166f7d26c30_0, 0, 1;
    %pushi/vec4 1, 0, 1;
    %store/vec4 v00000166f7d262d0_0, 0, 1;
    %pushi/vec4 1, 0, 1;
    %store/vec4 v00000166f7d26b90_0, 0, 1;
    %pushi/vec4 1, 0, 1;
    %store/vec4 v00000166f7d26af0_0, 0, 1;
    %delay 10, 0;
    %pushi/vec4 1, 0, 1;
    %store/vec4 v00000166f7d26a50_0, 0, 1;
    %pushi/vec4 1, 0, 1;
    %store/vec4 v00000166f7d26c30_0, 0, 1;
    %pushi/vec4 1, 0, 1;
    %store/vec4 v00000166f7d262d0_0, 0, 1;
    %pushi/vec4 1, 0, 1;
    %store/vec4 v00000166f7d26b90_0, 0, 1;
    %pushi/vec4 1, 0, 1;
    %store/vec4 v00000166f7d26af0_0, 0, 1;
    %delay 10, 0;
    %pushi/vec4 0, 0, 1;
    %store/vec4 v00000166f7d26a50_0, 0, 1;
    %pushi/vec4 0, 0, 1;
    %store/vec4 v00000166f7d26c30_0, 0, 1;
    %pushi/vec4 1, 0, 1;
    %store/vec4 v00000166f7d262d0_0, 0, 1;
    %pushi/vec4 1, 0, 1;
    %store/vec4 v00000166f7d26b90_0, 0, 1;
    %pushi/vec4 1, 0, 1;
    %store/vec4 v00000166f7d26af0_0, 0, 1;
    %delay 10, 0;
    %pushi/vec4 1, 0, 1;
    %store/vec4 v00000166f7d26a50_0, 0, 1;
    %pushi/vec4 0, 0, 1;
    %store/vec4 v00000166f7d26c30_0, 0, 1;
    %pushi/vec4 1, 0, 1;
    %store/vec4 v00000166f7d262d0_0, 0, 1;
    %pushi/vec4 1, 0, 1;
    %store/vec4 v00000166f7d26b90_0, 0, 1;
    %pushi/vec4 1, 0, 1;
    %store/vec4 v00000166f7d26af0_0, 0, 1;
    %delay 10, 0;
    %pushi/vec4 0, 0, 1;
    %store/vec4 v00000166f7d26a50_0, 0, 1;
    %pushi/vec4 0, 0, 1;
    %store/vec4 v00000166f7d26c30_0, 0, 1;
    %pushi/vec4 1, 0, 1;
    %store/vec4 v00000166f7d262d0_0, 0, 1;
    %pushi/vec4 0, 0, 1;
    %store/vec4 v00000166f7d26b90_0, 0, 1;
    %pushi/vec4 1, 0, 1;
    %store/vec4 v00000166f7d26af0_0, 0, 1;
    %delay 10, 0;
    %pushi/vec4 1, 0, 1;
    %store/vec4 v00000166f7d26a50_0, 0, 1;
    %pushi/vec4 0, 0, 1;
    %store/vec4 v00000166f7d26c30_0, 0, 1;
    %pushi/vec4 1, 0, 1;
    %store/vec4 v00000166f7d262d0_0, 0, 1;
    %pushi/vec4 0, 0, 1;
    %store/vec4 v00000166f7d26b90_0, 0, 1;
    %pushi/vec4 1, 0, 1;
    %store/vec4 v00000166f7d26af0_0, 0, 1;
    %delay 10, 0;
    %pushi/vec4 0, 0, 1;
    %store/vec4 v00000166f7d26a50_0, 0, 1;
    %pushi/vec4 0, 0, 1;
    %store/vec4 v00000166f7d26c30_0, 0, 1;
    %pushi/vec4 1, 0, 1;
    %store/vec4 v00000166f7d262d0_0, 0, 1;
    %pushi/vec4 0, 0, 1;
    %store/vec4 v00000166f7d26b90_0, 0, 1;
    %pushi/vec4 0, 0, 1;
    %store/vec4 v00000166f7d26af0_0, 0, 1;
    %delay 10, 0;
    %pushi/vec4 1, 0, 1;
    %store/vec4 v00000166f7d26a50_0, 0, 1;
    %pushi/vec4 0, 0, 1;
    %store/vec4 v00000166f7d26c30_0, 0, 1;
    %pushi/vec4 1, 0, 1;
    %store/vec4 v00000166f7d262d0_0, 0, 1;
    %pushi/vec4 0, 0, 1;
    %store/vec4 v00000166f7d26b90_0, 0, 1;
    %pushi/vec4 0, 0, 1;
    %store/vec4 v00000166f7d26af0_0, 0, 1;
    %delay 10, 0;
    %pushi/vec4 0, 0, 1;
    %store/vec4 v00000166f7d26a50_0, 0, 1;
    %pushi/vec4 1, 0, 1;
    %store/vec4 v00000166f7d26c30_0, 0, 1;
    %pushi/vec4 0, 0, 1;
    %store/vec4 v00000166f7d262d0_0, 0, 1;
    %pushi/vec4 1, 0, 1;
    %store/vec4 v00000166f7d26b90_0, 0, 1;
    %pushi/vec4 1, 0, 1;
    %store/vec4 v00000166f7d26af0_0, 0, 1;
    %delay 10, 0;
    %pushi/vec4 1, 0, 1;
    %store/vec4 v00000166f7d26a50_0, 0, 1;
    %pushi/vec4 1, 0, 1;
    %store/vec4 v00000166f7d26c30_0, 0, 1;
    %pushi/vec4 0, 0, 1;
    %store/vec4 v00000166f7d262d0_0, 0, 1;
    %pushi/vec4 1, 0, 1;
    %store/vec4 v00000166f7d26b90_0, 0, 1;
    %pushi/vec4 1, 0, 1;
    %store/vec4 v00000166f7d26af0_0, 0, 1;
    %delay 10, 0;
    %pushi/vec4 0, 0, 1;
    %store/vec4 v00000166f7d26a50_0, 0, 1;
    %pushi/vec4 0, 0, 1;
    %store/vec4 v00000166f7d26c30_0, 0, 1;
    %pushi/vec4 0, 0, 1;
    %store/vec4 v00000166f7d262d0_0, 0, 1;
    %pushi/vec4 1, 0, 1;
    %store/vec4 v00000166f7d26b90_0, 0, 1;
    %pushi/vec4 1, 0, 1;
    %store/vec4 v00000166f7d26af0_0, 0, 1;
    %delay 10, 0;
    %pushi/vec4 1, 0, 1;
    %store/vec4 v00000166f7d26a50_0, 0, 1;
    %pushi/vec4 0, 0, 1;
    %store/vec4 v00000166f7d26c30_0, 0, 1;
    %pushi/vec4 0, 0, 1;
    %store/vec4 v00000166f7d262d0_0, 0, 1;
    %pushi/vec4 1, 0, 1;
    %store/vec4 v00000166f7d26b90_0, 0, 1;
    %pushi/vec4 1, 0, 1;
    %store/vec4 v00000166f7d26af0_0, 0, 1;
    %delay 10, 0;
    %pushi/vec4 0, 0, 1;
    %store/vec4 v00000166f7d26a50_0, 0, 1;
    %pushi/vec4 0, 0, 1;
    %store/vec4 v00000166f7d26c30_0, 0, 1;
    %pushi/vec4 0, 0, 1;
    %store/vec4 v00000166f7d262d0_0, 0, 1;
    %pushi/vec4 0, 0, 1;
    %store/vec4 v00000166f7d26b90_0, 0, 1;
    %pushi/vec4 1, 0, 1;
    %store/vec4 v00000166f7d26af0_0, 0, 1;
    %delay 10, 0;
    %pushi/vec4 1, 0, 1;
    %store/vec4 v00000166f7d26a50_0, 0, 1;
    %pushi/vec4 0, 0, 1;
    %store/vec4 v00000166f7d26c30_0, 0, 1;
    %pushi/vec4 0, 0, 1;
    %store/vec4 v00000166f7d262d0_0, 0, 1;
    %pushi/vec4 0, 0, 1;
    %store/vec4 v00000166f7d26b90_0, 0, 1;
    %pushi/vec4 1, 0, 1;
    %store/vec4 v00000166f7d26af0_0, 0, 1;
    %delay 10, 0;
    %pushi/vec4 0, 0, 1;
    %store/vec4 v00000166f7d26a50_0, 0, 1;
    %pushi/vec4 0, 0, 1;
    %store/vec4 v00000166f7d26c30_0, 0, 1;
    %pushi/vec4 0, 0, 1;
    %store/vec4 v00000166f7d262d0_0, 0, 1;
    %pushi/vec4 0, 0, 1;
    %store/vec4 v00000166f7d26b90_0, 0, 1;
    %pushi/vec4 0, 0, 1;
    %store/vec4 v00000166f7d26af0_0, 0, 1;
    %delay 10, 0;
    %pushi/vec4 1, 0, 1;
    %store/vec4 v00000166f7d26a50_0, 0, 1;
    %pushi/vec4 0, 0, 1;
    %store/vec4 v00000166f7d26c30_0, 0, 1;
    %pushi/vec4 0, 0, 1;
    %store/vec4 v00000166f7d262d0_0, 0, 1;
    %pushi/vec4 0, 0, 1;
    %store/vec4 v00000166f7d26b90_0, 0, 1;
    %pushi/vec4 0, 0, 1;
    %store/vec4 v00000166f7d26af0_0, 0, 1;
    %delay 10, 0;
    %vpi_call 2 155 "$finish" {0 0 0};
    %end;
    .thread T_0;
# The file index is used to find the file name in the following table.
:file_names 4;
    "N/A";
    "<interactive>";
    "Ctrl0.v";
    "decoder_ctrl0.v";
