#! /c/Source/iverilog-install/bin/vvp
:ivl_version "12.0 (devel)" "(s20150603-1539-g2693dd32b)";
:ivl_delay_selection "TYPICAL";
:vpi_time_precision + 0;
:vpi_module "C:\iverilog\lib\ivl\system.vpi";
:vpi_module "C:\iverilog\lib\ivl\vhdl_sys.vpi";
:vpi_module "C:\iverilog\lib\ivl\vhdl_textio.vpi";
:vpi_module "C:\iverilog\lib\ivl\v2005_math.vpi";
:vpi_module "C:\iverilog\lib\ivl\va_math.vpi";
S_000002aff21d6240 .scope module, "test_tb" "test_tb" 2 23;
 .timescale 0 0;
P_000002aff221f020 .param/l "clk_period_p" 0 2 25, +C4<00000000000000000000000000001010>;
v000002aff2284d90_0 .net "ALU0_out", 0 0, L_000002aff2215520;  1 drivers
v000002aff2285fb0_0 .net "ALU1_out", 0 0, L_000002aff2215130;  1 drivers
v000002aff2284ed0_0 .net "ALU2_out", 0 0, L_000002aff2214bf0;  1 drivers
v000002aff22855b0_0 .net "ALU3_out", 0 0, L_000002aff2214db0;  1 drivers
v000002aff2286190_0 .net "ALU4_out", 0 0, L_000002aff2214870;  1 drivers
v000002aff2285830_0 .net "ALU5_out", 0 0, L_000002aff2288c50;  1 drivers
v000002aff2285c90_0 .net "ALU6_out", 0 0, L_000002aff2289190;  1 drivers
v000002aff2285d30_0 .net "ALU7_out", 0 0, L_000002aff22889b0;  1 drivers
v000002aff22850b0_0 .var "Ctrl0", 0 0;
v000002aff2285e70_0 .var "Ctrl1", 0 0;
v000002aff2285330_0 .var "Ctrl2", 0 0;
v000002aff22853d0_0 .var "Ctrl3", 0 0;
v000002aff2285f10_0 .var "Ctrl4", 0 0;
v000002aff2286050_0 .var "Ctrl5", 0 0;
v000002aff22870c0_0 .var "c_flag", 0 0;
S_000002aff21d63d0 .scope module, "decode_ALU0" "decode_ALU0" 2 30, 3 1 0, S_000002aff21d6240;
 .timescale 0 0;
    .port_info 0 /INPUT 1 "Ctrl0";
    .port_info 1 /INPUT 1 "Ctrl1";
    .port_info 2 /INPUT 1 "Ctrl2";
    .port_info 3 /INPUT 1 "Ctrl3";
    .port_info 4 /INPUT 1 "Ctrl4";
    .port_info 5 /INPUT 1 "Ctrl5";
    .port_info 6 /INPUT 1 "c_flag";
    .port_info 7 /OUTPUT 1 "ALU0_out";
L_000002aff2214c60 .functor NOT 1, v000002aff22850b0_0, C4<0>, C4<0>, C4<0>;
v000002aff2217e60_0 .net "ALU0_out", 0 0, L_000002aff2215520;  alias, 1 drivers
v000002aff2218220_0 .net "Ctrl0", 0 0, v000002aff22850b0_0;  1 drivers
v000002aff2218860_0 .net "Ctrl1", 0 0, v000002aff2285e70_0;  1 drivers
v000002aff2218720_0 .net "Ctrl2", 0 0, v000002aff2285330_0;  1 drivers
v000002aff22187c0_0 .net "Ctrl3", 0 0, v000002aff22853d0_0;  1 drivers
v000002aff2217a00_0 .net "Ctrl4", 0 0, v000002aff2285f10_0;  1 drivers
v000002aff2218c20_0 .net "Ctrl5", 0 0, v000002aff2286050_0;  1 drivers
v000002aff22185e0_0 .net "c_flag", 0 0, v000002aff22870c0_0;  1 drivers
S_000002aff21f7370 .scope module, "NAND1" "NAND" 3 4, 2 12 0, S_000002aff21d63d0;
 .timescale 0 0;
    .port_info 0 /INPUT 1 "a";
    .port_info 1 /INPUT 1 "b";
    .port_info 2 /OUTPUT 1 "y";
L_000002aff2215520 .functor NOT 1, L_000002aff22153d0, C4<0>, C4<0>, C4<0>;
v000002aff22191c0_0 .net "a", 0 0, L_000002aff2214c60;  1 drivers
v000002aff2218a40_0 .net "b", 0 0, v000002aff2285e70_0;  alias, 1 drivers
v000002aff2219580_0 .net "tmp", 0 0, L_000002aff22153d0;  1 drivers
v000002aff2217dc0_0 .net "y", 0 0, L_000002aff2215520;  alias, 1 drivers
S_000002aff21f7500 .scope module, "AND" "AND" 2 16, 2 1 0, S_000002aff21f7370;
 .timescale 0 0;
    .port_info 0 /INPUT 1 "a";
    .port_info 1 /INPUT 1 "b";
    .port_info 2 /OUTPUT 1 "x";
L_000002aff22153d0 .functor AND 1, L_000002aff2214c60, v000002aff2285e70_0, C4<1>, C4<1>;
v000002aff22180e0_0 .net "a", 0 0, L_000002aff2214c60;  alias, 1 drivers
v000002aff2218d60_0 .net "b", 0 0, v000002aff2285e70_0;  alias, 1 drivers
v000002aff22182c0_0 .net "x", 0 0, L_000002aff22153d0;  alias, 1 drivers
S_000002aff21f3240 .scope module, "decode_ALU1" "decode_ALU1" 2 31, 4 1 0, S_000002aff21d6240;
 .timescale 0 0;
    .port_info 0 /INPUT 1 "Ctrl0";
    .port_info 1 /INPUT 1 "Ctrl1";
    .port_info 2 /INPUT 1 "Ctrl2";
    .port_info 3 /INPUT 1 "Ctrl3";
    .port_info 4 /INPUT 1 "Ctrl4";
    .port_info 5 /INPUT 1 "Ctrl5";
    .port_info 6 /INPUT 1 "c_flag";
    .port_info 7 /OUTPUT 1 "ALU1_out";
L_000002aff22149c0 .functor NOT 1, v000002aff22850b0_0, C4<0>, C4<0>, C4<0>;
L_000002aff2214fe0 .functor NOT 1, v000002aff2285e70_0, C4<0>, C4<0>, C4<0>;
v000002aff2219300_0 .net "ALU1_out", 0 0, L_000002aff2215130;  alias, 1 drivers
v000002aff22184a0_0 .net "Ctrl0", 0 0, v000002aff22850b0_0;  alias, 1 drivers
v000002aff22193a0_0 .net "Ctrl1", 0 0, v000002aff2285e70_0;  alias, 1 drivers
v000002aff2218540_0 .net "Ctrl2", 0 0, v000002aff2285330_0;  alias, 1 drivers
v000002aff2217d20_0 .net "Ctrl3", 0 0, v000002aff22853d0_0;  alias, 1 drivers
v000002aff2218180_0 .net "Ctrl4", 0 0, v000002aff2285f10_0;  alias, 1 drivers
v000002aff2219440_0 .net "Ctrl5", 0 0, v000002aff2286050_0;  alias, 1 drivers
v000002aff22178c0_0 .net "c_flag", 0 0, v000002aff22870c0_0;  alias, 1 drivers
v000002aff22194e0_0 .net "tmp1", 0 0, L_000002aff2215050;  1 drivers
v000002aff2218040_0 .net "tmp2", 0 0, L_000002aff2215280;  1 drivers
S_000002aff21f33d0 .scope module, "NAND1" "NAND" 4 5, 2 12 0, S_000002aff21f3240;
 .timescale 0 0;
    .port_info 0 /INPUT 1 "a";
    .port_info 1 /INPUT 1 "b";
    .port_info 2 /OUTPUT 1 "y";
L_000002aff2215050 .functor NOT 1, L_000002aff2215210, C4<0>, C4<0>, C4<0>;
v000002aff2219620_0 .net "a", 0 0, L_000002aff22149c0;  1 drivers
v000002aff2217be0_0 .net "b", 0 0, L_000002aff2214fe0;  1 drivers
v000002aff2218680_0 .net "tmp", 0 0, L_000002aff2215210;  1 drivers
v000002aff2218f40_0 .net "y", 0 0, L_000002aff2215050;  alias, 1 drivers
S_000002aff21ecf60 .scope module, "AND" "AND" 2 16, 2 1 0, S_000002aff21f33d0;
 .timescale 0 0;
    .port_info 0 /INPUT 1 "a";
    .port_info 1 /INPUT 1 "b";
    .port_info 2 /OUTPUT 1 "x";
L_000002aff2215210 .functor AND 1, L_000002aff22149c0, L_000002aff2214fe0, C4<1>, C4<1>;
v000002aff2218900_0 .net "a", 0 0, L_000002aff22149c0;  alias, 1 drivers
v000002aff2218360_0 .net "b", 0 0, L_000002aff2214fe0;  alias, 1 drivers
v000002aff2218ea0_0 .net "x", 0 0, L_000002aff2215210;  alias, 1 drivers
S_000002aff21ed0f0 .scope module, "NAND2" "NAND" 4 6, 2 12 0, S_000002aff21f3240;
 .timescale 0 0;
    .port_info 0 /INPUT 1 "a";
    .port_info 1 /INPUT 1 "b";
    .port_info 2 /OUTPUT 1 "y";
L_000002aff2215280 .functor NOT 1, L_000002aff2214e20, C4<0>, C4<0>, C4<0>;
v000002aff2219260_0 .net "a", 0 0, L_000002aff2215050;  alias, 1 drivers
v000002aff2217aa0_0 .net "b", 0 0, L_000002aff2215050;  alias, 1 drivers
v000002aff2217fa0_0 .net "tmp", 0 0, L_000002aff2214e20;  1 drivers
v000002aff2219080_0 .net "y", 0 0, L_000002aff2215280;  alias, 1 drivers
S_000002aff21e8f80 .scope module, "AND" "AND" 2 16, 2 1 0, S_000002aff21ed0f0;
 .timescale 0 0;
    .port_info 0 /INPUT 1 "a";
    .port_info 1 /INPUT 1 "b";
    .port_info 2 /OUTPUT 1 "x";
L_000002aff2214e20 .functor AND 1, L_000002aff2215050, L_000002aff2215050, C4<1>, C4<1>;
v000002aff22189a0_0 .net "a", 0 0, L_000002aff2215050;  alias, 1 drivers
v000002aff2217820_0 .net "b", 0 0, L_000002aff2215050;  alias, 1 drivers
v000002aff2217f00_0 .net "x", 0 0, L_000002aff2214e20;  alias, 1 drivers
S_000002aff21e9110 .scope module, "NAND3" "NAND" 4 7, 2 12 0, S_000002aff21f3240;
 .timescale 0 0;
    .port_info 0 /INPUT 1 "a";
    .port_info 1 /INPUT 1 "b";
    .port_info 2 /OUTPUT 1 "y";
L_000002aff2215130 .functor NOT 1, L_000002aff2214a30, C4<0>, C4<0>, C4<0>;
v000002aff2218400_0 .net "a", 0 0, L_000002aff2215280;  alias, 1 drivers
v000002aff2218e00_0 .net "b", 0 0, v000002aff2285330_0;  alias, 1 drivers
v000002aff2218fe0_0 .net "tmp", 0 0, L_000002aff2214a30;  1 drivers
v000002aff2219120_0 .net "y", 0 0, L_000002aff2215130;  alias, 1 drivers
S_000002aff21e79e0 .scope module, "AND" "AND" 2 16, 2 1 0, S_000002aff21e9110;
 .timescale 0 0;
    .port_info 0 /INPUT 1 "a";
    .port_info 1 /INPUT 1 "b";
    .port_info 2 /OUTPUT 1 "x";
L_000002aff2214a30 .functor AND 1, L_000002aff2215280, v000002aff2285330_0, C4<1>, C4<1>;
v000002aff2218ae0_0 .net "a", 0 0, L_000002aff2215280;  alias, 1 drivers
v000002aff2218b80_0 .net "b", 0 0, v000002aff2285330_0;  alias, 1 drivers
v000002aff2218cc0_0 .net "x", 0 0, L_000002aff2214a30;  alias, 1 drivers
S_000002aff21e7b70 .scope module, "decode_ALU2" "decode_ALU2" 2 32, 5 1 0, S_000002aff21d6240;
 .timescale 0 0;
    .port_info 0 /INPUT 1 "Ctrl0";
    .port_info 1 /INPUT 1 "Ctrl1";
    .port_info 2 /INPUT 1 "Ctrl2";
    .port_info 3 /INPUT 1 "Ctrl3";
    .port_info 4 /INPUT 1 "Ctrl4";
    .port_info 5 /INPUT 1 "Ctrl5";
    .port_info 6 /INPUT 1 "c_flag";
    .port_info 7 /OUTPUT 1 "ALU2_out";
L_000002aff2215440 .functor NOT 1, v000002aff22850b0_0, C4<0>, C4<0>, C4<0>;
L_000002aff2215590 .functor NOT 1, v000002aff2285e70_0, C4<0>, C4<0>, C4<0>;
L_000002aff2214cd0 .functor NOT 1, v000002aff2285330_0, C4<0>, C4<0>, C4<0>;
v000002aff227c920_0 .net "ALU2_out", 0 0, L_000002aff2214bf0;  alias, 1 drivers
v000002aff227bac0_0 .net "Ctrl0", 0 0, v000002aff22850b0_0;  alias, 1 drivers
v000002aff227c9c0_0 .net "Ctrl1", 0 0, v000002aff2285e70_0;  alias, 1 drivers
v000002aff227cf60_0 .net "Ctrl2", 0 0, v000002aff2285330_0;  alias, 1 drivers
v000002aff227bf20_0 .net "Ctrl3", 0 0, v000002aff22853d0_0;  alias, 1 drivers
v000002aff227c420_0 .net "Ctrl4", 0 0, v000002aff2285f10_0;  alias, 1 drivers
v000002aff227c380_0 .net "Ctrl5", 0 0, v000002aff2286050_0;  alias, 1 drivers
v000002aff227cd80_0 .net "c_flag", 0 0, v000002aff22870c0_0;  alias, 1 drivers
v000002aff227cb00_0 .net "tmp1", 0 0, L_000002aff2214b10;  1 drivers
v000002aff227d3c0_0 .net "tmp2", 0 0, L_000002aff22156e0;  1 drivers
S_000002aff21d50e0 .scope module, "NAND1" "NAND" 5 5, 2 12 0, S_000002aff21e7b70;
 .timescale 0 0;
    .port_info 0 /INPUT 1 "a";
    .port_info 1 /INPUT 1 "b";
    .port_info 2 /OUTPUT 1 "y";
L_000002aff2214b10 .functor NOT 1, L_000002aff22150c0, C4<0>, C4<0>, C4<0>;
v000002aff227b980_0 .net "a", 0 0, L_000002aff2215440;  1 drivers
v000002aff227c7e0_0 .net "b", 0 0, L_000002aff2215590;  1 drivers
v000002aff227bd40_0 .net "tmp", 0 0, L_000002aff22150c0;  1 drivers
v000002aff227ca60_0 .net "y", 0 0, L_000002aff2214b10;  alias, 1 drivers
S_000002aff21d5270 .scope module, "AND" "AND" 2 16, 2 1 0, S_000002aff21d50e0;
 .timescale 0 0;
    .port_info 0 /INPUT 1 "a";
    .port_info 1 /INPUT 1 "b";
    .port_info 2 /OUTPUT 1 "x";
L_000002aff22150c0 .functor AND 1, L_000002aff2215440, L_000002aff2215590, C4<1>, C4<1>;
v000002aff22196c0_0 .net "a", 0 0, L_000002aff2215440;  alias, 1 drivers
v000002aff2217b40_0 .net "b", 0 0, L_000002aff2215590;  alias, 1 drivers
v000002aff227c600_0 .net "x", 0 0, L_000002aff22150c0;  alias, 1 drivers
S_000002aff21a2720 .scope module, "NAND2" "NAND" 5 6, 2 12 0, S_000002aff21e7b70;
 .timescale 0 0;
    .port_info 0 /INPUT 1 "a";
    .port_info 1 /INPUT 1 "b";
    .port_info 2 /OUTPUT 1 "y";
L_000002aff22156e0 .functor NOT 1, L_000002aff2214b80, C4<0>, C4<0>, C4<0>;
v000002aff227d1e0_0 .net "a", 0 0, L_000002aff2214b10;  alias, 1 drivers
v000002aff227c880_0 .net "b", 0 0, L_000002aff2214b10;  alias, 1 drivers
v000002aff227be80_0 .net "tmp", 0 0, L_000002aff2214b80;  1 drivers
v000002aff227cce0_0 .net "y", 0 0, L_000002aff22156e0;  alias, 1 drivers
S_000002aff21a28b0 .scope module, "AND" "AND" 2 16, 2 1 0, S_000002aff21a2720;
 .timescale 0 0;
    .port_info 0 /INPUT 1 "a";
    .port_info 1 /INPUT 1 "b";
    .port_info 2 /OUTPUT 1 "x";
L_000002aff2214b80 .functor AND 1, L_000002aff2214b10, L_000002aff2214b10, C4<1>, C4<1>;
v000002aff227c2e0_0 .net "a", 0 0, L_000002aff2214b10;  alias, 1 drivers
v000002aff227c240_0 .net "b", 0 0, L_000002aff2214b10;  alias, 1 drivers
v000002aff227d320_0 .net "x", 0 0, L_000002aff2214b80;  alias, 1 drivers
S_000002aff221b000 .scope module, "NAND3" "NAND" 5 7, 2 12 0, S_000002aff21e7b70;
 .timescale 0 0;
    .port_info 0 /INPUT 1 "a";
    .port_info 1 /INPUT 1 "b";
    .port_info 2 /OUTPUT 1 "y";
L_000002aff2214bf0 .functor NOT 1, L_000002aff2215600, C4<0>, C4<0>, C4<0>;
v000002aff227b7a0_0 .net "a", 0 0, L_000002aff22156e0;  alias, 1 drivers
v000002aff227b8e0_0 .net "b", 0 0, L_000002aff2214cd0;  1 drivers
v000002aff227b520_0 .net "tmp", 0 0, L_000002aff2215600;  1 drivers
v000002aff227ba20_0 .net "y", 0 0, L_000002aff2214bf0;  alias, 1 drivers
S_000002aff227de90 .scope module, "AND" "AND" 2 16, 2 1 0, S_000002aff221b000;
 .timescale 0 0;
    .port_info 0 /INPUT 1 "a";
    .port_info 1 /INPUT 1 "b";
    .port_info 2 /OUTPUT 1 "x";
L_000002aff2215600 .functor AND 1, L_000002aff22156e0, L_000002aff2214cd0, C4<1>, C4<1>;
v000002aff227bde0_0 .net "a", 0 0, L_000002aff22156e0;  alias, 1 drivers
v000002aff227c6a0_0 .net "b", 0 0, L_000002aff2214cd0;  alias, 1 drivers
v000002aff227c740_0 .net "x", 0 0, L_000002aff2215600;  alias, 1 drivers
S_000002aff227d6c0 .scope module, "decode_ALU3" "decode_ALU3" 2 33, 6 1 0, S_000002aff21d6240;
 .timescale 0 0;
    .port_info 0 /INPUT 1 "Ctrl0";
    .port_info 1 /INPUT 1 "Ctrl1";
    .port_info 2 /INPUT 1 "Ctrl2";
    .port_info 3 /INPUT 1 "Ctrl3";
    .port_info 4 /INPUT 1 "Ctrl4";
    .port_info 5 /INPUT 1 "Ctrl5";
    .port_info 6 /INPUT 1 "c_flag";
    .port_info 7 /OUTPUT 1 "ALU3_out";
L_000002aff2215670 .functor NOT 1, v000002aff2285330_0, C4<0>, C4<0>, C4<0>;
v000002aff227d140_0 .net "ALU3_out", 0 0, L_000002aff2214db0;  alias, 1 drivers
v000002aff227b700_0 .net "Ctrl0", 0 0, v000002aff22850b0_0;  alias, 1 drivers
v000002aff227bfc0_0 .net "Ctrl1", 0 0, v000002aff2285e70_0;  alias, 1 drivers
v000002aff227c100_0 .net "Ctrl2", 0 0, v000002aff2285330_0;  alias, 1 drivers
v000002aff227c560_0 .net "Ctrl3", 0 0, v000002aff22853d0_0;  alias, 1 drivers
v000002aff227d000_0 .net "Ctrl4", 0 0, v000002aff2285f10_0;  alias, 1 drivers
v000002aff227ce20_0 .net "Ctrl5", 0 0, v000002aff2286050_0;  alias, 1 drivers
v000002aff227c1a0_0 .net "c_flag", 0 0, v000002aff22870c0_0;  alias, 1 drivers
S_000002aff227d530 .scope module, "NAND1" "NAND" 6 5, 2 12 0, S_000002aff227d6c0;
 .timescale 0 0;
    .port_info 0 /INPUT 1 "a";
    .port_info 1 /INPUT 1 "b";
    .port_info 2 /OUTPUT 1 "y";
L_000002aff2214db0 .functor NOT 1, L_000002aff2214d40, C4<0>, C4<0>, C4<0>;
v000002aff227cc40_0 .net "a", 0 0, v000002aff22850b0_0;  alias, 1 drivers
v000002aff227c4c0_0 .net "b", 0 0, L_000002aff2215670;  1 drivers
v000002aff227bc00_0 .net "tmp", 0 0, L_000002aff2214d40;  1 drivers
v000002aff227bca0_0 .net "y", 0 0, L_000002aff2214db0;  alias, 1 drivers
S_000002aff227e1b0 .scope module, "AND" "AND" 2 16, 2 1 0, S_000002aff227d530;
 .timescale 0 0;
    .port_info 0 /INPUT 1 "a";
    .port_info 1 /INPUT 1 "b";
    .port_info 2 /OUTPUT 1 "x";
L_000002aff2214d40 .functor AND 1, v000002aff22850b0_0, L_000002aff2215670, C4<1>, C4<1>;
v000002aff227c060_0 .net "a", 0 0, v000002aff22850b0_0;  alias, 1 drivers
v000002aff227cba0_0 .net "b", 0 0, L_000002aff2215670;  alias, 1 drivers
v000002aff227d280_0 .net "x", 0 0, L_000002aff2214d40;  alias, 1 drivers
S_000002aff227e340 .scope module, "decode_ALU4" "decode_ALU4" 2 34, 7 1 0, S_000002aff21d6240;
 .timescale 0 0;
    .port_info 0 /INPUT 1 "Ctrl0";
    .port_info 1 /INPUT 1 "Ctrl1";
    .port_info 2 /INPUT 1 "Ctrl2";
    .port_info 3 /INPUT 1 "Ctrl3";
    .port_info 4 /INPUT 1 "Ctrl4";
    .port_info 5 /INPUT 1 "Ctrl5";
    .port_info 6 /INPUT 1 "c_flag";
    .port_info 7 /OUTPUT 1 "ALU4_out";
v000002aff227fee0_0 .net "ALU4_out", 0 0, L_000002aff2214870;  alias, 1 drivers
v000002aff227ecc0_0 .net "Ctrl0", 0 0, v000002aff22850b0_0;  alias, 1 drivers
v000002aff227e900_0 .net "Ctrl1", 0 0, v000002aff2285e70_0;  alias, 1 drivers
v000002aff2280020_0 .net "Ctrl2", 0 0, v000002aff2285330_0;  alias, 1 drivers
v000002aff227f580_0 .net "Ctrl3", 0 0, v000002aff22853d0_0;  alias, 1 drivers
v000002aff227e860_0 .net "Ctrl4", 0 0, v000002aff2285f10_0;  alias, 1 drivers
v000002aff227fd00_0 .net "Ctrl5", 0 0, v000002aff2286050_0;  alias, 1 drivers
v000002aff227f940_0 .net "c_flag", 0 0, v000002aff22870c0_0;  alias, 1 drivers
S_000002aff227e020 .scope module, "NAND1" "NAND" 7 5, 2 12 0, S_000002aff227e340;
 .timescale 0 0;
    .port_info 0 /INPUT 1 "a";
    .port_info 1 /INPUT 1 "b";
    .port_info 2 /OUTPUT 1 "y";
L_000002aff2214870 .functor NOT 1, L_000002aff22148e0, C4<0>, C4<0>, C4<0>;
v000002aff227b660_0 .net "a", 0 0, v000002aff22850b0_0;  alias, 1 drivers
v000002aff227bb60_0 .net "b", 0 0, v000002aff2285330_0;  alias, 1 drivers
v000002aff227b840_0 .net "tmp", 0 0, L_000002aff22148e0;  1 drivers
v000002aff227ff80_0 .net "y", 0 0, L_000002aff2214870;  alias, 1 drivers
S_000002aff227d850 .scope module, "AND" "AND" 2 16, 2 1 0, S_000002aff227e020;
 .timescale 0 0;
    .port_info 0 /INPUT 1 "a";
    .port_info 1 /INPUT 1 "b";
    .port_info 2 /OUTPUT 1 "x";
L_000002aff22148e0 .functor AND 1, v000002aff22850b0_0, v000002aff2285330_0, C4<1>, C4<1>;
v000002aff227cec0_0 .net "a", 0 0, v000002aff22850b0_0;  alias, 1 drivers
v000002aff227d0a0_0 .net "b", 0 0, v000002aff2285330_0;  alias, 1 drivers
v000002aff227b5c0_0 .net "x", 0 0, L_000002aff22148e0;  alias, 1 drivers
S_000002aff227db70 .scope module, "decode_ALU5" "decode_ALU5" 2 35, 8 1 0, S_000002aff21d6240;
 .timescale 0 0;
    .port_info 0 /INPUT 1 "Ctrl0";
    .port_info 1 /INPUT 1 "Ctrl1";
    .port_info 2 /INPUT 1 "Ctrl2";
    .port_info 3 /INPUT 1 "Ctrl3";
    .port_info 4 /INPUT 1 "Ctrl4";
    .port_info 5 /INPUT 1 "Ctrl5";
    .port_info 6 /INPUT 1 "c_flag";
    .port_info 7 /OUTPUT 1 "ALU5_out";
L_000002aff2288b00 .functor NOT 1, v000002aff2285e70_0, C4<0>, C4<0>, C4<0>;
L_000002aff22894a0 .functor NOT 1, v000002aff22853d0_0, C4<0>, C4<0>, C4<0>;
v000002aff227f300_0 .net "ALU5_out", 0 0, L_000002aff2288c50;  alias, 1 drivers
v000002aff227f6c0_0 .net "Ctrl0", 0 0, v000002aff22850b0_0;  alias, 1 drivers
v000002aff227ea40_0 .net "Ctrl1", 0 0, v000002aff2285e70_0;  alias, 1 drivers
v000002aff227f760_0 .net "Ctrl2", 0 0, v000002aff2285330_0;  alias, 1 drivers
v000002aff227e720_0 .net "Ctrl3", 0 0, v000002aff22853d0_0;  alias, 1 drivers
v000002aff22803e0_0 .net "Ctrl4", 0 0, v000002aff2285f10_0;  alias, 1 drivers
v000002aff227e9a0_0 .net "Ctrl5", 0 0, v000002aff2286050_0;  alias, 1 drivers
v000002aff227fc60_0 .net "c_flag", 0 0, v000002aff22870c0_0;  alias, 1 drivers
v000002aff227ec20_0 .net "tmp1", 0 0, L_000002aff2214e90;  1 drivers
S_000002aff227d9e0 .scope module, "NAND1" "NAND" 8 5, 2 12 0, S_000002aff227db70;
 .timescale 0 0;
    .port_info 0 /INPUT 1 "a";
    .port_info 1 /INPUT 1 "b";
    .port_info 2 /OUTPUT 1 "y";
L_000002aff2214e90 .functor NOT 1, L_000002aff2214950, C4<0>, C4<0>, C4<0>;
v000002aff22802a0_0 .net "a", 0 0, L_000002aff2288b00;  1 drivers
v000002aff227eae0_0 .net "b", 0 0, L_000002aff22894a0;  1 drivers
v000002aff227f080_0 .net "tmp", 0 0, L_000002aff2214950;  1 drivers
v000002aff227eb80_0 .net "y", 0 0, L_000002aff2214e90;  alias, 1 drivers
S_000002aff227dd00 .scope module, "AND" "AND" 2 16, 2 1 0, S_000002aff227d9e0;
 .timescale 0 0;
    .port_info 0 /INPUT 1 "a";
    .port_info 1 /INPUT 1 "b";
    .port_info 2 /OUTPUT 1 "x";
L_000002aff2214950 .functor AND 1, L_000002aff2288b00, L_000002aff22894a0, C4<1>, C4<1>;
v000002aff227efe0_0 .net "a", 0 0, L_000002aff2288b00;  alias, 1 drivers
v000002aff227f260_0 .net "b", 0 0, L_000002aff22894a0;  alias, 1 drivers
v000002aff227f4e0_0 .net "x", 0 0, L_000002aff2214950;  alias, 1 drivers
S_000002aff22839b0 .scope module, "NAND2" "NAND" 8 6, 2 12 0, S_000002aff227db70;
 .timescale 0 0;
    .port_info 0 /INPUT 1 "a";
    .port_info 1 /INPUT 1 "b";
    .port_info 2 /OUTPUT 1 "y";
L_000002aff2288c50 .functor NOT 1, L_000002aff2289820, C4<0>, C4<0>, C4<0>;
v000002aff227f620_0 .net "a", 0 0, L_000002aff2214e90;  alias, 1 drivers
v000002aff22800c0_0 .net "b", 0 0, L_000002aff2214e90;  alias, 1 drivers
v000002aff227eea0_0 .net "tmp", 0 0, L_000002aff2289820;  1 drivers
v000002aff227fa80_0 .net "y", 0 0, L_000002aff2288c50;  alias, 1 drivers
S_000002aff2282d30 .scope module, "AND" "AND" 2 16, 2 1 0, S_000002aff22839b0;
 .timescale 0 0;
    .port_info 0 /INPUT 1 "a";
    .port_info 1 /INPUT 1 "b";
    .port_info 2 /OUTPUT 1 "x";
L_000002aff2289820 .functor AND 1, L_000002aff2214e90, L_000002aff2214e90, C4<1>, C4<1>;
v000002aff227e5e0_0 .net "a", 0 0, L_000002aff2214e90;  alias, 1 drivers
v000002aff2280340_0 .net "b", 0 0, L_000002aff2214e90;  alias, 1 drivers
v000002aff227ee00_0 .net "x", 0 0, L_000002aff2289820;  alias, 1 drivers
S_000002aff2283b40 .scope module, "decode_ALU6" "decode_ALU6" 2 36, 9 1 0, S_000002aff21d6240;
 .timescale 0 0;
    .port_info 0 /INPUT 1 "Ctrl0";
    .port_info 1 /INPUT 1 "Ctrl1";
    .port_info 2 /INPUT 1 "Ctrl2";
    .port_info 3 /INPUT 1 "Ctrl3";
    .port_info 4 /INPUT 1 "Ctrl4";
    .port_info 5 /INPUT 1 "Ctrl5";
    .port_info 6 /INPUT 1 "c_flag";
    .port_info 7 /OUTPUT 1 "ALU6_out";
L_000002aff2289120 .functor NOT 1, v000002aff2285330_0, C4<0>, C4<0>, C4<0>;
L_000002aff22897b0 .functor NOT 1, v000002aff2285e70_0, C4<0>, C4<0>, C4<0>;
v000002aff2284930_0 .net "ALU6_out", 0 0, L_000002aff2289190;  alias, 1 drivers
v000002aff2285650_0 .net "Ctrl0", 0 0, v000002aff22850b0_0;  alias, 1 drivers
v000002aff2284570_0 .net "Ctrl1", 0 0, v000002aff2285e70_0;  alias, 1 drivers
v000002aff2284a70_0 .net "Ctrl2", 0 0, v000002aff2285330_0;  alias, 1 drivers
v000002aff22849d0_0 .net "Ctrl3", 0 0, v000002aff22853d0_0;  alias, 1 drivers
v000002aff2284b10_0 .net "Ctrl4", 0 0, v000002aff2285f10_0;  alias, 1 drivers
v000002aff2284610_0 .net "Ctrl5", 0 0, v000002aff2286050_0;  alias, 1 drivers
v000002aff22851f0_0 .net "c_flag", 0 0, v000002aff22870c0_0;  alias, 1 drivers
v000002aff2285dd0_0 .net "tmp1", 0 0, L_000002aff2289270;  1 drivers
v000002aff2285bf0_0 .net "tmp2", 0 0, L_000002aff2289660;  1 drivers
v000002aff2285a10_0 .net "tmp3", 0 0, L_000002aff22893c0;  1 drivers
S_000002aff2282ec0 .scope module, "NAND1" "NAND" 9 5, 2 12 0, S_000002aff2283b40;
 .timescale 0 0;
    .port_info 0 /INPUT 1 "a";
    .port_info 1 /INPUT 1 "b";
    .port_info 2 /OUTPUT 1 "y";
L_000002aff2289270 .functor NOT 1, L_000002aff2288e80, C4<0>, C4<0>, C4<0>;
v000002aff227f120_0 .net "a", 0 0, v000002aff2285e70_0;  alias, 1 drivers
v000002aff227f800_0 .net "b", 0 0, L_000002aff2289120;  1 drivers
v000002aff227fda0_0 .net "tmp", 0 0, L_000002aff2288e80;  1 drivers
v000002aff227e680_0 .net "y", 0 0, L_000002aff2289270;  alias, 1 drivers
S_000002aff2284180 .scope module, "AND" "AND" 2 16, 2 1 0, S_000002aff2282ec0;
 .timescale 0 0;
    .port_info 0 /INPUT 1 "a";
    .port_info 1 /INPUT 1 "b";
    .port_info 2 /OUTPUT 1 "x";
L_000002aff2288e80 .functor AND 1, v000002aff2285e70_0, L_000002aff2289120, C4<1>, C4<1>;
v000002aff227f9e0_0 .net "a", 0 0, v000002aff2285e70_0;  alias, 1 drivers
v000002aff227e540_0 .net "b", 0 0, L_000002aff2289120;  alias, 1 drivers
v000002aff2280200_0 .net "x", 0 0, L_000002aff2288e80;  alias, 1 drivers
S_000002aff2284310 .scope module, "NAND2" "NAND" 9 6, 2 12 0, S_000002aff2283b40;
 .timescale 0 0;
    .port_info 0 /INPUT 1 "a";
    .port_info 1 /INPUT 1 "b";
    .port_info 2 /OUTPUT 1 "y";
L_000002aff2289660 .functor NOT 1, L_000002aff2289580, C4<0>, C4<0>, C4<0>;
v000002aff227f3a0_0 .net "a", 0 0, L_000002aff22897b0;  1 drivers
v000002aff227ef40_0 .net "b", 0 0, v000002aff2285f10_0;  alias, 1 drivers
v000002aff2280160_0 .net "tmp", 0 0, L_000002aff2289580;  1 drivers
v000002aff227f1c0_0 .net "y", 0 0, L_000002aff2289660;  alias, 1 drivers
S_000002aff2282880 .scope module, "AND" "AND" 2 16, 2 1 0, S_000002aff2284310;
 .timescale 0 0;
    .port_info 0 /INPUT 1 "a";
    .port_info 1 /INPUT 1 "b";
    .port_info 2 /OUTPUT 1 "x";
L_000002aff2289580 .functor AND 1, L_000002aff22897b0, v000002aff2285f10_0, C4<1>, C4<1>;
v000002aff227fb20_0 .net "a", 0 0, L_000002aff22897b0;  alias, 1 drivers
v000002aff227ed60_0 .net "b", 0 0, v000002aff2285f10_0;  alias, 1 drivers
v000002aff227e7c0_0 .net "x", 0 0, L_000002aff2289580;  alias, 1 drivers
S_000002aff2282560 .scope module, "NAND3" "NAND" 9 7, 2 12 0, S_000002aff2283b40;
 .timescale 0 0;
    .port_info 0 /INPUT 1 "a";
    .port_info 1 /INPUT 1 "b";
    .port_info 2 /OUTPUT 1 "y";
L_000002aff22893c0 .functor NOT 1, L_000002aff2289040, C4<0>, C4<0>, C4<0>;
v000002aff227fe40_0 .net "a", 0 0, L_000002aff2289270;  alias, 1 drivers
v000002aff2286370_0 .net "b", 0 0, L_000002aff2289660;  alias, 1 drivers
v000002aff2284890_0 .net "tmp", 0 0, L_000002aff2289040;  1 drivers
v000002aff22847f0_0 .net "y", 0 0, L_000002aff22893c0;  alias, 1 drivers
S_000002aff2283cd0 .scope module, "AND" "AND" 2 16, 2 1 0, S_000002aff2282560;
 .timescale 0 0;
    .port_info 0 /INPUT 1 "a";
    .port_info 1 /INPUT 1 "b";
    .port_info 2 /OUTPUT 1 "x";
L_000002aff2289040 .functor AND 1, L_000002aff2289270, L_000002aff2289660, C4<1>, C4<1>;
v000002aff227f440_0 .net "a", 0 0, L_000002aff2289270;  alias, 1 drivers
v000002aff227f8a0_0 .net "b", 0 0, L_000002aff2289660;  alias, 1 drivers
v000002aff227fbc0_0 .net "x", 0 0, L_000002aff2289040;  alias, 1 drivers
S_000002aff22826f0 .scope module, "NAND4" "NAND" 9 8, 2 12 0, S_000002aff2283b40;
 .timescale 0 0;
    .port_info 0 /INPUT 1 "a";
    .port_info 1 /INPUT 1 "b";
    .port_info 2 /OUTPUT 1 "y";
L_000002aff2289190 .functor NOT 1, L_000002aff22895f0, C4<0>, C4<0>, C4<0>;
v000002aff2286230_0 .net "a", 0 0, L_000002aff22893c0;  alias, 1 drivers
v000002aff2286410_0 .net "b", 0 0, L_000002aff22893c0;  alias, 1 drivers
v000002aff22856f0_0 .net "tmp", 0 0, L_000002aff22895f0;  1 drivers
v000002aff2285970_0 .net "y", 0 0, L_000002aff2289190;  alias, 1 drivers
S_000002aff2282ba0 .scope module, "AND" "AND" 2 16, 2 1 0, S_000002aff22826f0;
 .timescale 0 0;
    .port_info 0 /INPUT 1 "a";
    .port_info 1 /INPUT 1 "b";
    .port_info 2 /OUTPUT 1 "x";
L_000002aff22895f0 .functor AND 1, L_000002aff22893c0, L_000002aff22893c0, C4<1>, C4<1>;
v000002aff22860f0_0 .net "a", 0 0, L_000002aff22893c0;  alias, 1 drivers
v000002aff2285150_0 .net "b", 0 0, L_000002aff22893c0;  alias, 1 drivers
v000002aff2284bb0_0 .net "x", 0 0, L_000002aff22895f0;  alias, 1 drivers
S_000002aff22831e0 .scope module, "decode_ALU7" "decode_ALU7" 2 37, 10 1 0, S_000002aff21d6240;
 .timescale 0 0;
    .port_info 0 /INPUT 1 "Ctrl0";
    .port_info 1 /INPUT 1 "Ctrl1";
    .port_info 2 /INPUT 1 "Ctrl2";
    .port_info 3 /INPUT 1 "Ctrl3";
    .port_info 4 /INPUT 1 "Ctrl4";
    .port_info 5 /INPUT 1 "Ctrl5";
    .port_info 6 /INPUT 1 "c_flag";
    .port_info 7 /OUTPUT 1 "ALU7_out";
L_000002aff2289510 .functor NOT 1, v000002aff22850b0_0, C4<0>, C4<0>, C4<0>;
v000002aff2284e30_0 .net "ALU7_out", 0 0, L_000002aff22889b0;  alias, 1 drivers
v000002aff2285510_0 .net "Ctrl0", 0 0, v000002aff22850b0_0;  alias, 1 drivers
v000002aff2285290_0 .net "Ctrl1", 0 0, v000002aff2285e70_0;  alias, 1 drivers
v000002aff22862d0_0 .net "Ctrl2", 0 0, v000002aff2285330_0;  alias, 1 drivers
v000002aff2284750_0 .net "Ctrl3", 0 0, v000002aff22853d0_0;  alias, 1 drivers
v000002aff2285b50_0 .net "Ctrl4", 0 0, v000002aff2285f10_0;  alias, 1 drivers
v000002aff2285470_0 .net "Ctrl5", 0 0, v000002aff2286050_0;  alias, 1 drivers
v000002aff2284cf0_0 .net "c_flag", 0 0, v000002aff22870c0_0;  alias, 1 drivers
S_000002aff2282a10 .scope module, "NAND4" "NAND" 10 4, 2 12 0, S_000002aff22831e0;
 .timescale 0 0;
    .port_info 0 /INPUT 1 "a";
    .port_info 1 /INPUT 1 "b";
    .port_info 2 /OUTPUT 1 "y";
L_000002aff22889b0 .functor NOT 1, L_000002aff22892e0, C4<0>, C4<0>, C4<0>;
v000002aff22846b0_0 .net "a", 0 0, L_000002aff2289510;  1 drivers
v000002aff2285ab0_0 .net "b", 0 0, v000002aff2285f10_0;  alias, 1 drivers
v000002aff2284c50_0 .net "tmp", 0 0, L_000002aff22892e0;  1 drivers
v000002aff2285010_0 .net "y", 0 0, L_000002aff22889b0;  alias, 1 drivers
S_000002aff2283820 .scope module, "AND" "AND" 2 16, 2 1 0, S_000002aff2282a10;
 .timescale 0 0;
    .port_info 0 /INPUT 1 "a";
    .port_info 1 /INPUT 1 "b";
    .port_info 2 /OUTPUT 1 "x";
L_000002aff22892e0 .functor AND 1, L_000002aff2289510, v000002aff2285f10_0, C4<1>, C4<1>;
v000002aff2285790_0 .net "a", 0 0, L_000002aff2289510;  alias, 1 drivers
v000002aff2284f70_0 .net "b", 0 0, v000002aff2285f10_0;  alias, 1 drivers
v000002aff22858d0_0 .net "x", 0 0, L_000002aff22892e0;  alias, 1 drivers
    .scope S_000002aff21d6240;
T_0 ;
    %vpi_call 2 40 "$dumpfile", "test.vcd" {0 0 0};
    %vpi_call 2 41 "$dumpvars", 32'sb00000000000000000000000000000000 {0 0 0};
    %vpi_call 2 42 "$monitor", "%t: |%b, %b, %b, %b, %b | %b, %b, %b |     C0 = %b, C1 = %b, C2 = %b, C3 = %b, C4 = %b, C5 = %b, c_flag = %b", $time, v000002aff2284d90_0, v000002aff2285fb0_0, v000002aff2284ed0_0, v000002aff22855b0_0, v000002aff2286190_0, v000002aff2285830_0, v000002aff2285c90_0, v000002aff2285d30_0, v000002aff22850b0_0, v000002aff2285e70_0, v000002aff2285330_0, v000002aff22853d0_0, v000002aff2285f10_0, v000002aff2286050_0, v000002aff22870c0_0 {0 0 0};
    %pushi/vec4 0, 0, 1;
    %store/vec4 v000002aff22850b0_0, 0, 1;
    %pushi/vec4 1, 0, 1;
    %store/vec4 v000002aff2285e70_0, 0, 1;
    %pushi/vec4 0, 0, 1;
    %store/vec4 v000002aff2285330_0, 0, 1;
    %pushi/vec4 0, 0, 1;
    %store/vec4 v000002aff22853d0_0, 0, 1;
    %pushi/vec4 1, 0, 1;
    %store/vec4 v000002aff2285f10_0, 0, 1;
    %pushi/vec4 0, 0, 1;
    %store/vec4 v000002aff2286050_0, 0, 1;
    %delay 10, 0;
    %pushi/vec4 0, 0, 1;
    %store/vec4 v000002aff22850b0_0, 0, 1;
    %pushi/vec4 1, 0, 1;
    %store/vec4 v000002aff2285e70_0, 0, 1;
    %pushi/vec4 0, 0, 1;
    %store/vec4 v000002aff2285330_0, 0, 1;
    %pushi/vec4 0, 0, 1;
    %store/vec4 v000002aff22853d0_0, 0, 1;
    %pushi/vec4 0, 0, 1;
    %store/vec4 v000002aff2285f10_0, 0, 1;
    %pushi/vec4 1, 0, 1;
    %store/vec4 v000002aff2286050_0, 0, 1;
    %delay 10, 0;
    %pushi/vec4 0, 0, 1;
    %store/vec4 v000002aff22850b0_0, 0, 1;
    %pushi/vec4 0, 0, 1;
    %store/vec4 v000002aff2285e70_0, 0, 1;
    %pushi/vec4 1, 0, 1;
    %store/vec4 v000002aff2285330_0, 0, 1;
    %pushi/vec4 0, 0, 1;
    %store/vec4 v000002aff22853d0_0, 0, 1;
    %pushi/vec4 1, 0, 1;
    %store/vec4 v000002aff2285f10_0, 0, 1;
    %pushi/vec4 0, 0, 1;
    %store/vec4 v000002aff2286050_0, 0, 1;
    %delay 10, 0;
    %pushi/vec4 0, 0, 1;
    %store/vec4 v000002aff22850b0_0, 0, 1;
    %pushi/vec4 0, 0, 1;
    %store/vec4 v000002aff2285e70_0, 0, 1;
    %pushi/vec4 1, 0, 1;
    %store/vec4 v000002aff2285330_0, 0, 1;
    %pushi/vec4 1, 0, 1;
    %store/vec4 v000002aff22853d0_0, 0, 1;
    %pushi/vec4 0, 0, 1;
    %store/vec4 v000002aff2285f10_0, 0, 1;
    %pushi/vec4 0, 0, 1;
    %store/vec4 v000002aff2286050_0, 0, 1;
    %delay 10, 0;
    %pushi/vec4 0, 0, 1;
    %store/vec4 v000002aff22850b0_0, 0, 1;
    %pushi/vec4 0, 0, 1;
    %store/vec4 v000002aff2285e70_0, 0, 1;
    %pushi/vec4 1, 0, 1;
    %store/vec4 v000002aff2285330_0, 0, 1;
    %pushi/vec4 1, 0, 1;
    %store/vec4 v000002aff22853d0_0, 0, 1;
    %pushi/vec4 1, 0, 1;
    %store/vec4 v000002aff2285f10_0, 0, 1;
    %pushi/vec4 0, 0, 1;
    %store/vec4 v000002aff2286050_0, 0, 1;
    %delay 10, 0;
    %pushi/vec4 0, 0, 1;
    %store/vec4 v000002aff22850b0_0, 0, 1;
    %pushi/vec4 0, 0, 1;
    %store/vec4 v000002aff2285e70_0, 0, 1;
    %pushi/vec4 0, 0, 1;
    %store/vec4 v000002aff2285330_0, 0, 1;
    %pushi/vec4 1, 0, 1;
    %store/vec4 v000002aff22853d0_0, 0, 1;
    %pushi/vec4 1, 0, 1;
    %store/vec4 v000002aff2285f10_0, 0, 1;
    %pushi/vec4 0, 0, 1;
    %store/vec4 v000002aff2286050_0, 0, 1;
    %delay 10, 0;
    %pushi/vec4 0, 0, 1;
    %store/vec4 v000002aff22850b0_0, 0, 1;
    %pushi/vec4 0, 0, 1;
    %store/vec4 v000002aff2285e70_0, 0, 1;
    %pushi/vec4 0, 0, 1;
    %store/vec4 v000002aff2285330_0, 0, 1;
    %pushi/vec4 0, 0, 1;
    %store/vec4 v000002aff22853d0_0, 0, 1;
    %pushi/vec4 0, 0, 1;
    %store/vec4 v000002aff2285f10_0, 0, 1;
    %pushi/vec4 0, 0, 1;
    %store/vec4 v000002aff2286050_0, 0, 1;
    %delay 10, 0;
    %pushi/vec4 0, 0, 1;
    %store/vec4 v000002aff22850b0_0, 0, 1;
    %pushi/vec4 1, 0, 1;
    %store/vec4 v000002aff2285e70_0, 0, 1;
    %pushi/vec4 1, 0, 1;
    %store/vec4 v000002aff2285330_0, 0, 1;
    %pushi/vec4 0, 0, 1;
    %store/vec4 v000002aff22853d0_0, 0, 1;
    %pushi/vec4 1, 0, 1;
    %store/vec4 v000002aff2285f10_0, 0, 1;
    %pushi/vec4 1, 0, 1;
    %store/vec4 v000002aff2286050_0, 0, 1;
    %delay 10, 0;
    %pushi/vec4 0, 0, 1;
    %store/vec4 v000002aff22850b0_0, 0, 1;
    %pushi/vec4 1, 0, 1;
    %store/vec4 v000002aff2285e70_0, 0, 1;
    %pushi/vec4 1, 0, 1;
    %store/vec4 v000002aff2285330_0, 0, 1;
    %pushi/vec4 0, 0, 1;
    %store/vec4 v000002aff22853d0_0, 0, 1;
    %pushi/vec4 0, 0, 1;
    %store/vec4 v000002aff2285f10_0, 0, 1;
    %pushi/vec4 0, 0, 1;
    %store/vec4 v000002aff2286050_0, 0, 1;
    %delay 10, 0;
    %pushi/vec4 1, 0, 1;
    %store/vec4 v000002aff22850b0_0, 0, 1;
    %pushi/vec4 0, 0, 1;
    %store/vec4 v000002aff2285e70_0, 0, 1;
    %pushi/vec4 0, 0, 1;
    %store/vec4 v000002aff2285330_0, 0, 1;
    %pushi/vec4 1, 0, 1;
    %store/vec4 v000002aff22853d0_0, 0, 1;
    %pushi/vec4 0, 0, 1;
    %store/vec4 v000002aff2285f10_0, 0, 1;
    %pushi/vec4 0, 0, 1;
    %store/vec4 v000002aff2286050_0, 0, 1;
    %delay 10, 0;
    %pushi/vec4 1, 0, 1;
    %store/vec4 v000002aff22850b0_0, 0, 1;
    %pushi/vec4 0, 0, 1;
    %store/vec4 v000002aff2285e70_0, 0, 1;
    %pushi/vec4 0, 0, 1;
    %store/vec4 v000002aff2285330_0, 0, 1;
    %pushi/vec4 0, 0, 1;
    %store/vec4 v000002aff22853d0_0, 0, 1;
    %pushi/vec4 0, 0, 1;
    %store/vec4 v000002aff2285f10_0, 0, 1;
    %pushi/vec4 0, 0, 1;
    %store/vec4 v000002aff2286050_0, 0, 1;
    %delay 10, 0;
    %pushi/vec4 1, 0, 1;
    %store/vec4 v000002aff22850b0_0, 0, 1;
    %pushi/vec4 0, 0, 1;
    %store/vec4 v000002aff2285e70_0, 0, 1;
    %pushi/vec4 0, 0, 1;
    %store/vec4 v000002aff2285330_0, 0, 1;
    %pushi/vec4 0, 0, 1;
    %store/vec4 v000002aff22853d0_0, 0, 1;
    %pushi/vec4 1, 0, 1;
    %store/vec4 v000002aff2285f10_0, 0, 1;
    %pushi/vec4 0, 0, 1;
    %store/vec4 v000002aff2286050_0, 0, 1;
    %delay 10, 0;
    %pushi/vec4 1, 0, 1;
    %store/vec4 v000002aff22850b0_0, 0, 1;
    %pushi/vec4 0, 0, 1;
    %store/vec4 v000002aff2285e70_0, 0, 1;
    %pushi/vec4 1, 0, 1;
    %store/vec4 v000002aff2285330_0, 0, 1;
    %pushi/vec4 1, 0, 1;
    %store/vec4 v000002aff22853d0_0, 0, 1;
    %pushi/vec4 0, 0, 1;
    %store/vec4 v000002aff2285f10_0, 0, 1;
    %pushi/vec4 0, 0, 1;
    %store/vec4 v000002aff2286050_0, 0, 1;
    %delay 10, 0;
    %pushi/vec4 1, 0, 1;
    %store/vec4 v000002aff22850b0_0, 0, 1;
    %pushi/vec4 0, 0, 1;
    %store/vec4 v000002aff2285e70_0, 0, 1;
    %pushi/vec4 1, 0, 1;
    %store/vec4 v000002aff2285330_0, 0, 1;
    %pushi/vec4 0, 0, 1;
    %store/vec4 v000002aff22853d0_0, 0, 1;
    %pushi/vec4 0, 0, 1;
    %store/vec4 v000002aff2285f10_0, 0, 1;
    %pushi/vec4 0, 0, 1;
    %store/vec4 v000002aff2286050_0, 0, 1;
    %delay 10, 0;
    %pushi/vec4 1, 0, 1;
    %store/vec4 v000002aff22850b0_0, 0, 1;
    %pushi/vec4 0, 0, 1;
    %store/vec4 v000002aff2285e70_0, 0, 1;
    %pushi/vec4 1, 0, 1;
    %store/vec4 v000002aff2285330_0, 0, 1;
    %pushi/vec4 0, 0, 1;
    %store/vec4 v000002aff22853d0_0, 0, 1;
    %pushi/vec4 1, 0, 1;
    %store/vec4 v000002aff2285f10_0, 0, 1;
    %pushi/vec4 0, 0, 1;
    %store/vec4 v000002aff2286050_0, 0, 1;
    %delay 10, 0;
    %vpi_call 2 164 "$finish" {0 0 0};
    %end;
    .thread T_0;
# The file index is used to find the file name in the following table.
:file_names 11;
    "N/A";
    "<interactive>";
    "ALU.v";
    "decoder_ALU0.v";
    "decoder_ALU1.v";
    "decoder_ALU2.v";
    "decoder_ALU3.v";
    "decoder_ALU4.v";
    "decoder_ALU5.v";
    "decoder_ALU6.v";
    "decoder_ALU7.v";
