#! /c/Source/iverilog-install/bin/vvp
:ivl_version "12.0 (devel)" "(s20150603-1539-g2693dd32b)";
:ivl_delay_selection "TYPICAL";
:vpi_time_precision + 0;
:vpi_module "C:\iverilog\lib\ivl\system.vpi";
:vpi_module "C:\iverilog\lib\ivl\vhdl_sys.vpi";
:vpi_module "C:\iverilog\lib\ivl\vhdl_textio.vpi";
:vpi_module "C:\iverilog\lib\ivl\v2005_math.vpi";
:vpi_module "C:\iverilog\lib\ivl\va_math.vpi";
S_000001a880bbbd00 .scope module, "test_tb" "test_tb" 2 23;
 .timescale 0 0;
P_000001a880a4d750 .param/l "clk_period_p" 0 2 25, +C4<00000000000000000000000000001010>;
v000001a880a531a0_0 .net "ALU3_out", 0 0, L_000001a880a61850;  1 drivers
v000001a880a52c00_0 .var "Ctrl0", 0 0;
v000001a880a536a0_0 .var "Ctrl1", 0 0;
v000001a880a53240_0 .var "Ctrl2", 0 0;
v000001a880a52ca0_0 .var "Ctrl3", 0 0;
v000001a880a532e0_0 .var "Ctrl4", 0 0;
v000001a880a537e0_0 .var "Ctrl5", 0 0;
v000001a880a53560_0 .var "c_flag", 0 0;
S_000001a880a56220 .scope module, "decode_ALU3" "decode_ALU3" 2 30, 3 1 0, S_000001a880bbbd00;
 .timescale 0 0;
    .port_info 0 /INPUT 1 "Ctrl0";
    .port_info 1 /INPUT 1 "Ctrl1";
    .port_info 2 /INPUT 1 "Ctrl2";
    .port_info 3 /INPUT 1 "Ctrl3";
    .port_info 4 /INPUT 1 "Ctrl4";
    .port_info 5 /INPUT 1 "Ctrl5";
    .port_info 6 /INPUT 1 "c_flag";
    .port_info 7 /OUTPUT 1 "ALU3_out";
L_000001a880a61620 .functor NOT 1, v000001a880a53240_0, C4<0>, C4<0>, C4<0>;
v000001a880a622c0_0 .net "ALU3_out", 0 0, L_000001a880a61850;  alias, 1 drivers
v000001a880a22720_0 .net "Ctrl0", 0 0, v000001a880a52c00_0;  1 drivers
v000001a880a227c0_0 .net "Ctrl1", 0 0, v000001a880a536a0_0;  1 drivers
v000001a880a22860_0 .net "Ctrl2", 0 0, v000001a880a53240_0;  1 drivers
v000001a880a22900_0 .net "Ctrl3", 0 0, v000001a880a52ca0_0;  1 drivers
v000001a880a229a0_0 .net "Ctrl4", 0 0, v000001a880a532e0_0;  1 drivers
v000001a880a22a40_0 .net "Ctrl5", 0 0, v000001a880a537e0_0;  1 drivers
v000001a880a534c0_0 .net "c_flag", 0 0, v000001a880a53560_0;  1 drivers
S_000001a880a563b0 .scope module, "NAND1" "NAND" 3 5, 2 12 0, S_000001a880a56220;
 .timescale 0 0;
    .port_info 0 /INPUT 1 "a";
    .port_info 1 /INPUT 1 "b";
    .port_info 2 /OUTPUT 1 "y";
L_000001a880a61850 .functor NOT 1, L_000001a880a617e0, C4<0>, C4<0>, C4<0>;
v000001a880a565e0_0 .net "a", 0 0, v000001a880a52c00_0;  alias, 1 drivers
v000001a880a620e0_0 .net "b", 0 0, L_000001a880a61620;  1 drivers
v000001a880a62180_0 .net "tmp", 0 0, L_000001a880a617e0;  1 drivers
v000001a880a62220_0 .net "y", 0 0, L_000001a880a61850;  alias, 1 drivers
S_000001a880a61f50 .scope module, "AND" "AND" 2 16, 2 1 0, S_000001a880a563b0;
 .timescale 0 0;
    .port_info 0 /INPUT 1 "a";
    .port_info 1 /INPUT 1 "b";
    .port_info 2 /OUTPUT 1 "x";
L_000001a880a617e0 .functor AND 1, v000001a880a52c00_0, L_000001a880a61620, C4<1>, C4<1>;
v000001a880a231a0_0 .net "a", 0 0, v000001a880a52c00_0;  alias, 1 drivers
v000001a880bb9440_0 .net "b", 0 0, L_000001a880a61620;  alias, 1 drivers
v000001a880a56540_0 .net "x", 0 0, L_000001a880a617e0;  alias, 1 drivers
    .scope S_000001a880bbbd00;
T_0 ;
    %vpi_call 2 33 "$dumpfile", "test.vcd" {0 0 0};
    %vpi_call 2 34 "$dumpvars", 32'sb00000000000000000000000000000000 {0 0 0};
    %vpi_call 2 35 "$monitor", "%t: Ctrl0 = %b, Ctrl1 = %b, Ctrl2 = %b, Ctrl3 = %b, Ctrl4 = %b, Ctrl5 = %b, c_flag = %b, ALU3_out = %b, ", $time, v000001a880a52c00_0, v000001a880a536a0_0, v000001a880a53240_0, v000001a880a52ca0_0, v000001a880a532e0_0, v000001a880a537e0_0, v000001a880a53560_0, v000001a880a531a0_0 {0 0 0};
    %pushi/vec4 0, 0, 1;
    %store/vec4 v000001a880a52c00_0, 0, 1;
    %pushi/vec4 1, 0, 1;
    %store/vec4 v000001a880a536a0_0, 0, 1;
    %pushi/vec4 0, 0, 1;
    %store/vec4 v000001a880a53240_0, 0, 1;
    %pushi/vec4 0, 0, 1;
    %store/vec4 v000001a880a52ca0_0, 0, 1;
    %pushi/vec4 1, 0, 1;
    %store/vec4 v000001a880a532e0_0, 0, 1;
    %pushi/vec4 0, 0, 1;
    %store/vec4 v000001a880a537e0_0, 0, 1;
    %delay 10, 0;
    %pushi/vec4 0, 0, 1;
    %store/vec4 v000001a880a52c00_0, 0, 1;
    %pushi/vec4 1, 0, 1;
    %store/vec4 v000001a880a536a0_0, 0, 1;
    %pushi/vec4 0, 0, 1;
    %store/vec4 v000001a880a53240_0, 0, 1;
    %pushi/vec4 0, 0, 1;
    %store/vec4 v000001a880a52ca0_0, 0, 1;
    %pushi/vec4 0, 0, 1;
    %store/vec4 v000001a880a532e0_0, 0, 1;
    %pushi/vec4 1, 0, 1;
    %store/vec4 v000001a880a537e0_0, 0, 1;
    %delay 10, 0;
    %pushi/vec4 0, 0, 1;
    %store/vec4 v000001a880a52c00_0, 0, 1;
    %pushi/vec4 0, 0, 1;
    %store/vec4 v000001a880a536a0_0, 0, 1;
    %pushi/vec4 1, 0, 1;
    %store/vec4 v000001a880a53240_0, 0, 1;
    %pushi/vec4 0, 0, 1;
    %store/vec4 v000001a880a52ca0_0, 0, 1;
    %pushi/vec4 1, 0, 1;
    %store/vec4 v000001a880a532e0_0, 0, 1;
    %pushi/vec4 0, 0, 1;
    %store/vec4 v000001a880a537e0_0, 0, 1;
    %delay 10, 0;
    %pushi/vec4 0, 0, 1;
    %store/vec4 v000001a880a52c00_0, 0, 1;
    %pushi/vec4 0, 0, 1;
    %store/vec4 v000001a880a536a0_0, 0, 1;
    %pushi/vec4 1, 0, 1;
    %store/vec4 v000001a880a53240_0, 0, 1;
    %pushi/vec4 1, 0, 1;
    %store/vec4 v000001a880a52ca0_0, 0, 1;
    %pushi/vec4 0, 0, 1;
    %store/vec4 v000001a880a532e0_0, 0, 1;
    %pushi/vec4 0, 0, 1;
    %store/vec4 v000001a880a537e0_0, 0, 1;
    %delay 10, 0;
    %pushi/vec4 0, 0, 1;
    %store/vec4 v000001a880a52c00_0, 0, 1;
    %pushi/vec4 0, 0, 1;
    %store/vec4 v000001a880a536a0_0, 0, 1;
    %pushi/vec4 1, 0, 1;
    %store/vec4 v000001a880a53240_0, 0, 1;
    %pushi/vec4 1, 0, 1;
    %store/vec4 v000001a880a52ca0_0, 0, 1;
    %pushi/vec4 1, 0, 1;
    %store/vec4 v000001a880a532e0_0, 0, 1;
    %pushi/vec4 0, 0, 1;
    %store/vec4 v000001a880a537e0_0, 0, 1;
    %delay 10, 0;
    %pushi/vec4 0, 0, 1;
    %store/vec4 v000001a880a52c00_0, 0, 1;
    %pushi/vec4 0, 0, 1;
    %store/vec4 v000001a880a536a0_0, 0, 1;
    %pushi/vec4 0, 0, 1;
    %store/vec4 v000001a880a53240_0, 0, 1;
    %pushi/vec4 1, 0, 1;
    %store/vec4 v000001a880a52ca0_0, 0, 1;
    %pushi/vec4 1, 0, 1;
    %store/vec4 v000001a880a532e0_0, 0, 1;
    %pushi/vec4 0, 0, 1;
    %store/vec4 v000001a880a537e0_0, 0, 1;
    %delay 10, 0;
    %pushi/vec4 0, 0, 1;
    %store/vec4 v000001a880a52c00_0, 0, 1;
    %pushi/vec4 0, 0, 1;
    %store/vec4 v000001a880a536a0_0, 0, 1;
    %pushi/vec4 0, 0, 1;
    %store/vec4 v000001a880a53240_0, 0, 1;
    %pushi/vec4 0, 0, 1;
    %store/vec4 v000001a880a52ca0_0, 0, 1;
    %pushi/vec4 0, 0, 1;
    %store/vec4 v000001a880a532e0_0, 0, 1;
    %pushi/vec4 0, 0, 1;
    %store/vec4 v000001a880a537e0_0, 0, 1;
    %delay 10, 0;
    %pushi/vec4 0, 0, 1;
    %store/vec4 v000001a880a52c00_0, 0, 1;
    %pushi/vec4 1, 0, 1;
    %store/vec4 v000001a880a536a0_0, 0, 1;
    %pushi/vec4 1, 0, 1;
    %store/vec4 v000001a880a53240_0, 0, 1;
    %pushi/vec4 0, 0, 1;
    %store/vec4 v000001a880a52ca0_0, 0, 1;
    %pushi/vec4 1, 0, 1;
    %store/vec4 v000001a880a532e0_0, 0, 1;
    %pushi/vec4 1, 0, 1;
    %store/vec4 v000001a880a537e0_0, 0, 1;
    %delay 10, 0;
    %pushi/vec4 0, 0, 1;
    %store/vec4 v000001a880a52c00_0, 0, 1;
    %pushi/vec4 1, 0, 1;
    %store/vec4 v000001a880a536a0_0, 0, 1;
    %pushi/vec4 1, 0, 1;
    %store/vec4 v000001a880a53240_0, 0, 1;
    %pushi/vec4 0, 0, 1;
    %store/vec4 v000001a880a52ca0_0, 0, 1;
    %pushi/vec4 0, 0, 1;
    %store/vec4 v000001a880a532e0_0, 0, 1;
    %pushi/vec4 0, 0, 1;
    %store/vec4 v000001a880a537e0_0, 0, 1;
    %delay 10, 0;
    %pushi/vec4 1, 0, 1;
    %store/vec4 v000001a880a52c00_0, 0, 1;
    %pushi/vec4 0, 0, 1;
    %store/vec4 v000001a880a536a0_0, 0, 1;
    %pushi/vec4 0, 0, 1;
    %store/vec4 v000001a880a53240_0, 0, 1;
    %pushi/vec4 1, 0, 1;
    %store/vec4 v000001a880a52ca0_0, 0, 1;
    %pushi/vec4 0, 0, 1;
    %store/vec4 v000001a880a532e0_0, 0, 1;
    %pushi/vec4 0, 0, 1;
    %store/vec4 v000001a880a537e0_0, 0, 1;
    %delay 10, 0;
    %pushi/vec4 1, 0, 1;
    %store/vec4 v000001a880a52c00_0, 0, 1;
    %pushi/vec4 0, 0, 1;
    %store/vec4 v000001a880a536a0_0, 0, 1;
    %pushi/vec4 0, 0, 1;
    %store/vec4 v000001a880a53240_0, 0, 1;
    %pushi/vec4 0, 0, 1;
    %store/vec4 v000001a880a52ca0_0, 0, 1;
    %pushi/vec4 0, 0, 1;
    %store/vec4 v000001a880a532e0_0, 0, 1;
    %pushi/vec4 0, 0, 1;
    %store/vec4 v000001a880a537e0_0, 0, 1;
    %delay 10, 0;
    %pushi/vec4 1, 0, 1;
    %store/vec4 v000001a880a52c00_0, 0, 1;
    %pushi/vec4 0, 0, 1;
    %store/vec4 v000001a880a536a0_0, 0, 1;
    %pushi/vec4 0, 0, 1;
    %store/vec4 v000001a880a53240_0, 0, 1;
    %pushi/vec4 0, 0, 1;
    %store/vec4 v000001a880a52ca0_0, 0, 1;
    %pushi/vec4 1, 0, 1;
    %store/vec4 v000001a880a532e0_0, 0, 1;
    %pushi/vec4 0, 0, 1;
    %store/vec4 v000001a880a537e0_0, 0, 1;
    %delay 10, 0;
    %pushi/vec4 1, 0, 1;
    %store/vec4 v000001a880a52c00_0, 0, 1;
    %pushi/vec4 0, 0, 1;
    %store/vec4 v000001a880a536a0_0, 0, 1;
    %pushi/vec4 1, 0, 1;
    %store/vec4 v000001a880a53240_0, 0, 1;
    %pushi/vec4 1, 0, 1;
    %store/vec4 v000001a880a52ca0_0, 0, 1;
    %pushi/vec4 0, 0, 1;
    %store/vec4 v000001a880a532e0_0, 0, 1;
    %pushi/vec4 0, 0, 1;
    %store/vec4 v000001a880a537e0_0, 0, 1;
    %delay 10, 0;
    %pushi/vec4 1, 0, 1;
    %store/vec4 v000001a880a52c00_0, 0, 1;
    %pushi/vec4 0, 0, 1;
    %store/vec4 v000001a880a536a0_0, 0, 1;
    %pushi/vec4 1, 0, 1;
    %store/vec4 v000001a880a53240_0, 0, 1;
    %pushi/vec4 0, 0, 1;
    %store/vec4 v000001a880a52ca0_0, 0, 1;
    %pushi/vec4 0, 0, 1;
    %store/vec4 v000001a880a532e0_0, 0, 1;
    %pushi/vec4 0, 0, 1;
    %store/vec4 v000001a880a537e0_0, 0, 1;
    %delay 10, 0;
    %pushi/vec4 1, 0, 1;
    %store/vec4 v000001a880a52c00_0, 0, 1;
    %pushi/vec4 0, 0, 1;
    %store/vec4 v000001a880a536a0_0, 0, 1;
    %pushi/vec4 1, 0, 1;
    %store/vec4 v000001a880a53240_0, 0, 1;
    %pushi/vec4 0, 0, 1;
    %store/vec4 v000001a880a52ca0_0, 0, 1;
    %pushi/vec4 1, 0, 1;
    %store/vec4 v000001a880a532e0_0, 0, 1;
    %pushi/vec4 0, 0, 1;
    %store/vec4 v000001a880a537e0_0, 0, 1;
    %delay 10, 0;
    %vpi_call 2 157 "$finish" {0 0 0};
    %end;
    .thread T_0;
# The file index is used to find the file name in the following table.
:file_names 4;
    "N/A";
    "<interactive>";
    "ALU3.v";
    "decoder_ALU3.v";
