#! /c/Source/iverilog-install/bin/vvp
:ivl_version "12.0 (devel)" "(s20150603-1539-g2693dd32b)";
:ivl_delay_selection "TYPICAL";
:vpi_time_precision + 0;
:vpi_module "C:\iverilog\lib\ivl\system.vpi";
:vpi_module "C:\iverilog\lib\ivl\vhdl_sys.vpi";
:vpi_module "C:\iverilog\lib\ivl\vhdl_textio.vpi";
:vpi_module "C:\iverilog\lib\ivl\v2005_math.vpi";
:vpi_module "C:\iverilog\lib\ivl\va_math.vpi";
S_000001f879ed6220 .scope module, "test_tb" "test_tb" 2 23;
 .timescale 0 0;
P_000001f879ece140 .param/l "clk_period_p" 0 2 25, +C4<00000000000000000000000000001010>;
v000001f879f36af0_0 .var "ADDRESS_MODE", 0 0;
v000001f879f36b90_0 .var "Ctrl3", 0 0;
v000001f879f36c30_0 .net "Ctrl3_out", 0 0, L_000001f879ee0400;  1 drivers
v000001f879f365f0_0 .var "INTERNAL_DEC", 0 0;
v000001f879f36d70_0 .var "INTERNAL_INC_DEC", 0 0;
v000001f879f36e10_0 .var "INTERNAL_MOV", 0 0;
S_000001f879ed63b0 .scope module, "decode_ctrl3" "decode_ctrl3" 2 30, 3 1 0, S_000001f879ed6220;
 .timescale 0 0;
    .port_info 0 /INPUT 1 "Ctrl3";
    .port_info 1 /INPUT 1 "INTERNAL_MOV";
    .port_info 2 /INPUT 1 "ADDRESS_MODE";
    .port_info 3 /INPUT 1 "INTERNAL_INC_DEC";
    .port_info 4 /INPUT 1 "INTERNAL_DEC";
    .port_info 5 /OUTPUT 1 "Ctrl3_out";
v000001f879f36910_0 .net "ADDRESS_MODE", 0 0, v000001f879f36af0_0;  1 drivers
v000001f879f36730_0 .net "Ctrl3", 0 0, v000001f879f36b90_0;  1 drivers
v000001f879f367d0_0 .net "Ctrl3_out", 0 0, L_000001f879ee0400;  alias, 1 drivers
v000001f879f36cd0_0 .net "INTERNAL_DEC", 0 0, v000001f879f365f0_0;  1 drivers
v000001f879f36ff0_0 .net "INTERNAL_INC_DEC", 0 0, v000001f879f36d70_0;  1 drivers
v000001f879f36a50_0 .net "INTERNAL_MOV", 0 0, v000001f879f36e10_0;  1 drivers
v000001f879f369b0_0 .net "tmp1", 0 0, L_000001f879ee0240;  1 drivers
S_000001f879ee26f0 .scope module, "NAND1" "NAND" 3 5, 2 12 0, S_000001f879ed63b0;
 .timescale 0 0;
    .port_info 0 /INPUT 1 "a";
    .port_info 1 /INPUT 1 "b";
    .port_info 2 /OUTPUT 1 "y";
L_000001f879ee0240 .functor NOT 1, L_000001f879ee02b0, C4<0>, C4<0>, C4<0>;
v000001f879ee2a10_0 .net "a", 0 0, v000001f879f36b90_0;  alias, 1 drivers
v000001f879ee2ab0_0 .net "b", 0 0, v000001f879f36e10_0;  alias, 1 drivers
v000001f879ed6540_0 .net "tmp", 0 0, L_000001f879ee02b0;  1 drivers
v000001f879ed65e0_0 .net "y", 0 0, L_000001f879ee0240;  alias, 1 drivers
S_000001f879ee2880 .scope module, "AND" "AND" 2 16, 2 1 0, S_000001f879ee26f0;
 .timescale 0 0;
    .port_info 0 /INPUT 1 "a";
    .port_info 1 /INPUT 1 "b";
    .port_info 2 /OUTPUT 1 "x";
L_000001f879ee02b0 .functor AND 1, v000001f879f36b90_0, v000001f879f36e10_0, C4<1>, C4<1>;
v000001f879ea31a0_0 .net "a", 0 0, v000001f879f36b90_0;  alias, 1 drivers
v000001f879ed4830_0 .net "b", 0 0, v000001f879f36e10_0;  alias, 1 drivers
v000001f879e4b0d0_0 .net "x", 0 0, L_000001f879ee02b0;  alias, 1 drivers
S_000001f879ecaf60 .scope module, "NAND2" "NAND" 3 6, 2 12 0, S_000001f879ed63b0;
 .timescale 0 0;
    .port_info 0 /INPUT 1 "a";
    .port_info 1 /INPUT 1 "b";
    .port_info 2 /OUTPUT 1 "y";
L_000001f879ee0400 .functor NOT 1, L_000001f879ee0320, C4<0>, C4<0>, C4<0>;
v000001f879ea29f0_0 .net "a", 0 0, L_000001f879ee0240;  alias, 1 drivers
v000001f879ea2a90_0 .net "b", 0 0, L_000001f879ee0240;  alias, 1 drivers
v000001f879f36000_0 .net "tmp", 0 0, L_000001f879ee0320;  1 drivers
v000001f879f36870_0 .net "y", 0 0, L_000001f879ee0400;  alias, 1 drivers
S_000001f879ea2720 .scope module, "AND" "AND" 2 16, 2 1 0, S_000001f879ecaf60;
 .timescale 0 0;
    .port_info 0 /INPUT 1 "a";
    .port_info 1 /INPUT 1 "b";
    .port_info 2 /OUTPUT 1 "x";
L_000001f879ee0320 .functor AND 1, L_000001f879ee0240, L_000001f879ee0240, C4<1>, C4<1>;
v000001f879ecb0f0_0 .net "a", 0 0, L_000001f879ee0240;  alias, 1 drivers
v000001f879ea28b0_0 .net "b", 0 0, L_000001f879ee0240;  alias, 1 drivers
v000001f879ea2950_0 .net "x", 0 0, L_000001f879ee0320;  alias, 1 drivers
    .scope S_000001f879ed6220;
T_0 ;
    %vpi_call 2 33 "$dumpfile", "test.vcd" {0 0 0};
    %vpi_call 2 34 "$dumpvars", 32'sb00000000000000000000000000000000 {0 0 0};
    %vpi_call 2 35 "$monitor", "%t: Ctrl3 = %b, INTERNAL_MOV =%b, ADDRESS_MODE = %b, INTERNAL_INC_DEC = %b, INTERNAL_DEC = %b, Ctrl3_out = %b", $time, v000001f879f36b90_0, v000001f879f36e10_0, v000001f879f36af0_0, v000001f879f36d70_0, v000001f879f365f0_0, v000001f879f36c30_0 {0 0 0};
    %pushi/vec4 0, 0, 1;
    %store/vec4 v000001f879f36b90_0, 0, 1;
    %pushi/vec4 1, 0, 1;
    %store/vec4 v000001f879f36e10_0, 0, 1;
    %pushi/vec4 1, 0, 1;
    %store/vec4 v000001f879f36af0_0, 0, 1;
    %pushi/vec4 1, 0, 1;
    %store/vec4 v000001f879f36d70_0, 0, 1;
    %pushi/vec4 1, 0, 1;
    %store/vec4 v000001f879f365f0_0, 0, 1;
    %delay 10, 0;
    %pushi/vec4 1, 0, 1;
    %store/vec4 v000001f879f36b90_0, 0, 1;
    %pushi/vec4 1, 0, 1;
    %store/vec4 v000001f879f36e10_0, 0, 1;
    %pushi/vec4 1, 0, 1;
    %store/vec4 v000001f879f36af0_0, 0, 1;
    %pushi/vec4 1, 0, 1;
    %store/vec4 v000001f879f36d70_0, 0, 1;
    %pushi/vec4 1, 0, 1;
    %store/vec4 v000001f879f365f0_0, 0, 1;
    %delay 10, 0;
    %pushi/vec4 0, 0, 1;
    %store/vec4 v000001f879f36b90_0, 0, 1;
    %pushi/vec4 0, 0, 1;
    %store/vec4 v000001f879f36e10_0, 0, 1;
    %pushi/vec4 1, 0, 1;
    %store/vec4 v000001f879f36af0_0, 0, 1;
    %pushi/vec4 1, 0, 1;
    %store/vec4 v000001f879f36d70_0, 0, 1;
    %pushi/vec4 1, 0, 1;
    %store/vec4 v000001f879f365f0_0, 0, 1;
    %delay 10, 0;
    %pushi/vec4 1, 0, 1;
    %store/vec4 v000001f879f36b90_0, 0, 1;
    %pushi/vec4 0, 0, 1;
    %store/vec4 v000001f879f36e10_0, 0, 1;
    %pushi/vec4 1, 0, 1;
    %store/vec4 v000001f879f36af0_0, 0, 1;
    %pushi/vec4 1, 0, 1;
    %store/vec4 v000001f879f36d70_0, 0, 1;
    %pushi/vec4 1, 0, 1;
    %store/vec4 v000001f879f365f0_0, 0, 1;
    %delay 10, 0;
    %pushi/vec4 0, 0, 1;
    %store/vec4 v000001f879f36b90_0, 0, 1;
    %pushi/vec4 0, 0, 1;
    %store/vec4 v000001f879f36e10_0, 0, 1;
    %pushi/vec4 1, 0, 1;
    %store/vec4 v000001f879f36af0_0, 0, 1;
    %pushi/vec4 0, 0, 1;
    %store/vec4 v000001f879f36d70_0, 0, 1;
    %pushi/vec4 1, 0, 1;
    %store/vec4 v000001f879f365f0_0, 0, 1;
    %delay 10, 0;
    %pushi/vec4 1, 0, 1;
    %store/vec4 v000001f879f36b90_0, 0, 1;
    %pushi/vec4 0, 0, 1;
    %store/vec4 v000001f879f36e10_0, 0, 1;
    %pushi/vec4 1, 0, 1;
    %store/vec4 v000001f879f36af0_0, 0, 1;
    %pushi/vec4 0, 0, 1;
    %store/vec4 v000001f879f36d70_0, 0, 1;
    %pushi/vec4 1, 0, 1;
    %store/vec4 v000001f879f365f0_0, 0, 1;
    %delay 10, 0;
    %pushi/vec4 0, 0, 1;
    %store/vec4 v000001f879f36b90_0, 0, 1;
    %pushi/vec4 0, 0, 1;
    %store/vec4 v000001f879f36e10_0, 0, 1;
    %pushi/vec4 1, 0, 1;
    %store/vec4 v000001f879f36af0_0, 0, 1;
    %pushi/vec4 0, 0, 1;
    %store/vec4 v000001f879f36d70_0, 0, 1;
    %pushi/vec4 0, 0, 1;
    %store/vec4 v000001f879f365f0_0, 0, 1;
    %delay 10, 0;
    %pushi/vec4 1, 0, 1;
    %store/vec4 v000001f879f36b90_0, 0, 1;
    %pushi/vec4 0, 0, 1;
    %store/vec4 v000001f879f36e10_0, 0, 1;
    %pushi/vec4 1, 0, 1;
    %store/vec4 v000001f879f36af0_0, 0, 1;
    %pushi/vec4 0, 0, 1;
    %store/vec4 v000001f879f36d70_0, 0, 1;
    %pushi/vec4 0, 0, 1;
    %store/vec4 v000001f879f365f0_0, 0, 1;
    %delay 10, 0;
    %pushi/vec4 0, 0, 1;
    %store/vec4 v000001f879f36b90_0, 0, 1;
    %pushi/vec4 1, 0, 1;
    %store/vec4 v000001f879f36e10_0, 0, 1;
    %pushi/vec4 0, 0, 1;
    %store/vec4 v000001f879f36af0_0, 0, 1;
    %pushi/vec4 1, 0, 1;
    %store/vec4 v000001f879f36d70_0, 0, 1;
    %pushi/vec4 1, 0, 1;
    %store/vec4 v000001f879f365f0_0, 0, 1;
    %delay 10, 0;
    %pushi/vec4 1, 0, 1;
    %store/vec4 v000001f879f36b90_0, 0, 1;
    %pushi/vec4 1, 0, 1;
    %store/vec4 v000001f879f36e10_0, 0, 1;
    %pushi/vec4 0, 0, 1;
    %store/vec4 v000001f879f36af0_0, 0, 1;
    %pushi/vec4 1, 0, 1;
    %store/vec4 v000001f879f36d70_0, 0, 1;
    %pushi/vec4 1, 0, 1;
    %store/vec4 v000001f879f365f0_0, 0, 1;
    %delay 10, 0;
    %pushi/vec4 0, 0, 1;
    %store/vec4 v000001f879f36b90_0, 0, 1;
    %pushi/vec4 0, 0, 1;
    %store/vec4 v000001f879f36e10_0, 0, 1;
    %pushi/vec4 0, 0, 1;
    %store/vec4 v000001f879f36af0_0, 0, 1;
    %pushi/vec4 1, 0, 1;
    %store/vec4 v000001f879f36d70_0, 0, 1;
    %pushi/vec4 1, 0, 1;
    %store/vec4 v000001f879f365f0_0, 0, 1;
    %delay 10, 0;
    %pushi/vec4 1, 0, 1;
    %store/vec4 v000001f879f36b90_0, 0, 1;
    %pushi/vec4 0, 0, 1;
    %store/vec4 v000001f879f36e10_0, 0, 1;
    %pushi/vec4 0, 0, 1;
    %store/vec4 v000001f879f36af0_0, 0, 1;
    %pushi/vec4 1, 0, 1;
    %store/vec4 v000001f879f36d70_0, 0, 1;
    %pushi/vec4 1, 0, 1;
    %store/vec4 v000001f879f365f0_0, 0, 1;
    %delay 10, 0;
    %pushi/vec4 0, 0, 1;
    %store/vec4 v000001f879f36b90_0, 0, 1;
    %pushi/vec4 0, 0, 1;
    %store/vec4 v000001f879f36e10_0, 0, 1;
    %pushi/vec4 0, 0, 1;
    %store/vec4 v000001f879f36af0_0, 0, 1;
    %pushi/vec4 0, 0, 1;
    %store/vec4 v000001f879f36d70_0, 0, 1;
    %pushi/vec4 1, 0, 1;
    %store/vec4 v000001f879f365f0_0, 0, 1;
    %delay 10, 0;
    %pushi/vec4 1, 0, 1;
    %store/vec4 v000001f879f36b90_0, 0, 1;
    %pushi/vec4 0, 0, 1;
    %store/vec4 v000001f879f36e10_0, 0, 1;
    %pushi/vec4 0, 0, 1;
    %store/vec4 v000001f879f36af0_0, 0, 1;
    %pushi/vec4 0, 0, 1;
    %store/vec4 v000001f879f36d70_0, 0, 1;
    %pushi/vec4 1, 0, 1;
    %store/vec4 v000001f879f365f0_0, 0, 1;
    %delay 10, 0;
    %pushi/vec4 0, 0, 1;
    %store/vec4 v000001f879f36b90_0, 0, 1;
    %pushi/vec4 0, 0, 1;
    %store/vec4 v000001f879f36e10_0, 0, 1;
    %pushi/vec4 0, 0, 1;
    %store/vec4 v000001f879f36af0_0, 0, 1;
    %pushi/vec4 0, 0, 1;
    %store/vec4 v000001f879f36d70_0, 0, 1;
    %pushi/vec4 0, 0, 1;
    %store/vec4 v000001f879f365f0_0, 0, 1;
    %delay 10, 0;
    %pushi/vec4 1, 0, 1;
    %store/vec4 v000001f879f36b90_0, 0, 1;
    %pushi/vec4 0, 0, 1;
    %store/vec4 v000001f879f36e10_0, 0, 1;
    %pushi/vec4 0, 0, 1;
    %store/vec4 v000001f879f36af0_0, 0, 1;
    %pushi/vec4 0, 0, 1;
    %store/vec4 v000001f879f36d70_0, 0, 1;
    %pushi/vec4 0, 0, 1;
    %store/vec4 v000001f879f365f0_0, 0, 1;
    %delay 10, 0;
    %vpi_call 2 155 "$finish" {0 0 0};
    %end;
    .thread T_0;
# The file index is used to find the file name in the following table.
:file_names 4;
    "N/A";
    "<interactive>";
    "Ctrl0.v";
    "decoder_ctrl0.v";
