#! /c/Source/iverilog-install/bin/vvp
:ivl_version "12.0 (devel)" "(s20150603-1539-g2693dd32b)";
:ivl_delay_selection "TYPICAL";
:vpi_time_precision + 0;
:vpi_module "C:\iverilog\lib\ivl\system.vpi";
:vpi_module "C:\iverilog\lib\ivl\vhdl_sys.vpi";
:vpi_module "C:\iverilog\lib\ivl\vhdl_textio.vpi";
:vpi_module "C:\iverilog\lib\ivl\v2005_math.vpi";
:vpi_module "C:\iverilog\lib\ivl\va_math.vpi";
S_00000223421fbd00 .scope module, "test_tb" "test_tb" 2 23;
 .timescale 0 0;
P_000002234223d790 .param/l "clk_period_p" 0 2 25, +C4<00000000000000000000000000001010>;
v0000022342243240_0 .net "ALU7_out", 0 0, L_0000022342251460;  1 drivers
v0000022342243740_0 .var "Ctrl0", 0 0;
v0000022342242e80_0 .var "Ctrl1", 0 0;
v00000223422431a0_0 .var "Ctrl2", 0 0;
v0000022342242ca0_0 .var "Ctrl3", 0 0;
v00000223422434c0_0 .var "Ctrl4", 0 0;
v0000022342243a60_0 .var "Ctrl5", 0 0;
v0000022342243600_0 .var "c_flag", 0 0;
S_0000022342246220 .scope module, "decode_ALU7" "decode_ALU7" 2 30, 3 1 0, S_00000223421fbd00;
 .timescale 0 0;
    .port_info 0 /INPUT 1 "Ctrl0";
    .port_info 1 /INPUT 1 "Ctrl1";
    .port_info 2 /INPUT 1 "Ctrl2";
    .port_info 3 /INPUT 1 "Ctrl3";
    .port_info 4 /INPUT 1 "Ctrl4";
    .port_info 5 /INPUT 1 "Ctrl5";
    .port_info 6 /INPUT 1 "c_flag";
    .port_info 7 /OUTPUT 1 "ALU7_out";
L_00000223422514d0 .functor NOT 1, v0000022342243740_0, C4<0>, C4<0>, C4<0>;
v0000022342212720_0 .net "ALU7_out", 0 0, L_0000022342251460;  alias, 1 drivers
v00000223422127c0_0 .net "Ctrl0", 0 0, v0000022342243740_0;  1 drivers
v0000022342212860_0 .net "Ctrl1", 0 0, v0000022342242e80_0;  1 drivers
v0000022342212900_0 .net "Ctrl2", 0 0, v00000223422431a0_0;  1 drivers
v00000223422129a0_0 .net "Ctrl3", 0 0, v0000022342242ca0_0;  1 drivers
v0000022342212a40_0 .net "Ctrl4", 0 0, v00000223422434c0_0;  1 drivers
v0000022342212ae0_0 .net "Ctrl5", 0 0, v0000022342243a60_0;  1 drivers
v0000022342243380_0 .net "c_flag", 0 0, v0000022342243600_0;  1 drivers
S_00000223422463b0 .scope module, "NAND4" "NAND" 3 4, 2 12 0, S_0000022342246220;
 .timescale 0 0;
    .port_info 0 /INPUT 1 "a";
    .port_info 1 /INPUT 1 "b";
    .port_info 2 /OUTPUT 1 "y";
L_0000022342251460 .functor NOT 1, L_00000223422511c0, C4<0>, C4<0>, C4<0>;
v00000223422520e0_0 .net "a", 0 0, L_00000223422514d0;  1 drivers
v0000022342252180_0 .net "b", 0 0, v00000223422434c0_0;  alias, 1 drivers
v0000022342252220_0 .net "tmp", 0 0, L_00000223422511c0;  1 drivers
v00000223422522c0_0 .net "y", 0 0, L_0000022342251460;  alias, 1 drivers
S_0000022342251f50 .scope module, "AND" "AND" 2 16, 2 1 0, S_00000223422463b0;
 .timescale 0 0;
    .port_info 0 /INPUT 1 "a";
    .port_info 1 /INPUT 1 "b";
    .port_info 2 /OUTPUT 1 "x";
L_00000223422511c0 .functor AND 1, L_00000223422514d0, v00000223422434c0_0, C4<1>, C4<1>;
v00000223422131a0_0 .net "a", 0 0, L_00000223422514d0;  alias, 1 drivers
v0000022342246540_0 .net "b", 0 0, v00000223422434c0_0;  alias, 1 drivers
v00000223422465e0_0 .net "x", 0 0, L_00000223422511c0;  alias, 1 drivers
    .scope S_00000223421fbd00;
T_0 ;
    %vpi_call 2 33 "$dumpfile", "test.vcd" {0 0 0};
    %vpi_call 2 34 "$dumpvars", 32'sb00000000000000000000000000000000 {0 0 0};
    %vpi_call 2 35 "$monitor", "%t: Ctrl0 = %b, Ctrl1 = %b, Ctrl2 = %b, Ctrl3 = %b, Ctrl4 = %b, Ctrl5 = %b, c_flag = %b, ALU7_out = %b, ", $time, v0000022342243740_0, v0000022342242e80_0, v00000223422431a0_0, v0000022342242ca0_0, v00000223422434c0_0, v0000022342243a60_0, v0000022342243600_0, v0000022342243240_0 {0 0 0};
    %pushi/vec4 0, 0, 1;
    %store/vec4 v0000022342243740_0, 0, 1;
    %pushi/vec4 1, 0, 1;
    %store/vec4 v0000022342242e80_0, 0, 1;
    %pushi/vec4 0, 0, 1;
    %store/vec4 v00000223422431a0_0, 0, 1;
    %pushi/vec4 0, 0, 1;
    %store/vec4 v0000022342242ca0_0, 0, 1;
    %pushi/vec4 1, 0, 1;
    %store/vec4 v00000223422434c0_0, 0, 1;
    %pushi/vec4 0, 0, 1;
    %store/vec4 v0000022342243a60_0, 0, 1;
    %delay 10, 0;
    %pushi/vec4 0, 0, 1;
    %store/vec4 v0000022342243740_0, 0, 1;
    %pushi/vec4 1, 0, 1;
    %store/vec4 v0000022342242e80_0, 0, 1;
    %pushi/vec4 0, 0, 1;
    %store/vec4 v00000223422431a0_0, 0, 1;
    %pushi/vec4 0, 0, 1;
    %store/vec4 v0000022342242ca0_0, 0, 1;
    %pushi/vec4 0, 0, 1;
    %store/vec4 v00000223422434c0_0, 0, 1;
    %pushi/vec4 1, 0, 1;
    %store/vec4 v0000022342243a60_0, 0, 1;
    %delay 10, 0;
    %pushi/vec4 0, 0, 1;
    %store/vec4 v0000022342243740_0, 0, 1;
    %pushi/vec4 0, 0, 1;
    %store/vec4 v0000022342242e80_0, 0, 1;
    %pushi/vec4 1, 0, 1;
    %store/vec4 v00000223422431a0_0, 0, 1;
    %pushi/vec4 0, 0, 1;
    %store/vec4 v0000022342242ca0_0, 0, 1;
    %pushi/vec4 1, 0, 1;
    %store/vec4 v00000223422434c0_0, 0, 1;
    %pushi/vec4 0, 0, 1;
    %store/vec4 v0000022342243a60_0, 0, 1;
    %delay 10, 0;
    %pushi/vec4 0, 0, 1;
    %store/vec4 v0000022342243740_0, 0, 1;
    %pushi/vec4 0, 0, 1;
    %store/vec4 v0000022342242e80_0, 0, 1;
    %pushi/vec4 1, 0, 1;
    %store/vec4 v00000223422431a0_0, 0, 1;
    %pushi/vec4 1, 0, 1;
    %store/vec4 v0000022342242ca0_0, 0, 1;
    %pushi/vec4 0, 0, 1;
    %store/vec4 v00000223422434c0_0, 0, 1;
    %pushi/vec4 0, 0, 1;
    %store/vec4 v0000022342243a60_0, 0, 1;
    %delay 10, 0;
    %pushi/vec4 0, 0, 1;
    %store/vec4 v0000022342243740_0, 0, 1;
    %pushi/vec4 0, 0, 1;
    %store/vec4 v0000022342242e80_0, 0, 1;
    %pushi/vec4 1, 0, 1;
    %store/vec4 v00000223422431a0_0, 0, 1;
    %pushi/vec4 1, 0, 1;
    %store/vec4 v0000022342242ca0_0, 0, 1;
    %pushi/vec4 1, 0, 1;
    %store/vec4 v00000223422434c0_0, 0, 1;
    %pushi/vec4 0, 0, 1;
    %store/vec4 v0000022342243a60_0, 0, 1;
    %delay 10, 0;
    %pushi/vec4 0, 0, 1;
    %store/vec4 v0000022342243740_0, 0, 1;
    %pushi/vec4 0, 0, 1;
    %store/vec4 v0000022342242e80_0, 0, 1;
    %pushi/vec4 0, 0, 1;
    %store/vec4 v00000223422431a0_0, 0, 1;
    %pushi/vec4 1, 0, 1;
    %store/vec4 v0000022342242ca0_0, 0, 1;
    %pushi/vec4 1, 0, 1;
    %store/vec4 v00000223422434c0_0, 0, 1;
    %pushi/vec4 0, 0, 1;
    %store/vec4 v0000022342243a60_0, 0, 1;
    %delay 10, 0;
    %pushi/vec4 0, 0, 1;
    %store/vec4 v0000022342243740_0, 0, 1;
    %pushi/vec4 0, 0, 1;
    %store/vec4 v0000022342242e80_0, 0, 1;
    %pushi/vec4 0, 0, 1;
    %store/vec4 v00000223422431a0_0, 0, 1;
    %pushi/vec4 0, 0, 1;
    %store/vec4 v0000022342242ca0_0, 0, 1;
    %pushi/vec4 0, 0, 1;
    %store/vec4 v00000223422434c0_0, 0, 1;
    %pushi/vec4 0, 0, 1;
    %store/vec4 v0000022342243a60_0, 0, 1;
    %delay 10, 0;
    %pushi/vec4 0, 0, 1;
    %store/vec4 v0000022342243740_0, 0, 1;
    %pushi/vec4 1, 0, 1;
    %store/vec4 v0000022342242e80_0, 0, 1;
    %pushi/vec4 1, 0, 1;
    %store/vec4 v00000223422431a0_0, 0, 1;
    %pushi/vec4 0, 0, 1;
    %store/vec4 v0000022342242ca0_0, 0, 1;
    %pushi/vec4 1, 0, 1;
    %store/vec4 v00000223422434c0_0, 0, 1;
    %pushi/vec4 1, 0, 1;
    %store/vec4 v0000022342243a60_0, 0, 1;
    %delay 10, 0;
    %pushi/vec4 0, 0, 1;
    %store/vec4 v0000022342243740_0, 0, 1;
    %pushi/vec4 1, 0, 1;
    %store/vec4 v0000022342242e80_0, 0, 1;
    %pushi/vec4 1, 0, 1;
    %store/vec4 v00000223422431a0_0, 0, 1;
    %pushi/vec4 0, 0, 1;
    %store/vec4 v0000022342242ca0_0, 0, 1;
    %pushi/vec4 0, 0, 1;
    %store/vec4 v00000223422434c0_0, 0, 1;
    %pushi/vec4 0, 0, 1;
    %store/vec4 v0000022342243a60_0, 0, 1;
    %delay 10, 0;
    %pushi/vec4 1, 0, 1;
    %store/vec4 v0000022342243740_0, 0, 1;
    %pushi/vec4 0, 0, 1;
    %store/vec4 v0000022342242e80_0, 0, 1;
    %pushi/vec4 0, 0, 1;
    %store/vec4 v00000223422431a0_0, 0, 1;
    %pushi/vec4 1, 0, 1;
    %store/vec4 v0000022342242ca0_0, 0, 1;
    %pushi/vec4 0, 0, 1;
    %store/vec4 v00000223422434c0_0, 0, 1;
    %pushi/vec4 0, 0, 1;
    %store/vec4 v0000022342243a60_0, 0, 1;
    %delay 10, 0;
    %pushi/vec4 1, 0, 1;
    %store/vec4 v0000022342243740_0, 0, 1;
    %pushi/vec4 0, 0, 1;
    %store/vec4 v0000022342242e80_0, 0, 1;
    %pushi/vec4 0, 0, 1;
    %store/vec4 v00000223422431a0_0, 0, 1;
    %pushi/vec4 0, 0, 1;
    %store/vec4 v0000022342242ca0_0, 0, 1;
    %pushi/vec4 0, 0, 1;
    %store/vec4 v00000223422434c0_0, 0, 1;
    %pushi/vec4 0, 0, 1;
    %store/vec4 v0000022342243a60_0, 0, 1;
    %delay 10, 0;
    %pushi/vec4 1, 0, 1;
    %store/vec4 v0000022342243740_0, 0, 1;
    %pushi/vec4 0, 0, 1;
    %store/vec4 v0000022342242e80_0, 0, 1;
    %pushi/vec4 0, 0, 1;
    %store/vec4 v00000223422431a0_0, 0, 1;
    %pushi/vec4 0, 0, 1;
    %store/vec4 v0000022342242ca0_0, 0, 1;
    %pushi/vec4 1, 0, 1;
    %store/vec4 v00000223422434c0_0, 0, 1;
    %pushi/vec4 0, 0, 1;
    %store/vec4 v0000022342243a60_0, 0, 1;
    %delay 10, 0;
    %pushi/vec4 1, 0, 1;
    %store/vec4 v0000022342243740_0, 0, 1;
    %pushi/vec4 0, 0, 1;
    %store/vec4 v0000022342242e80_0, 0, 1;
    %pushi/vec4 1, 0, 1;
    %store/vec4 v00000223422431a0_0, 0, 1;
    %pushi/vec4 1, 0, 1;
    %store/vec4 v0000022342242ca0_0, 0, 1;
    %pushi/vec4 0, 0, 1;
    %store/vec4 v00000223422434c0_0, 0, 1;
    %pushi/vec4 0, 0, 1;
    %store/vec4 v0000022342243a60_0, 0, 1;
    %delay 10, 0;
    %pushi/vec4 1, 0, 1;
    %store/vec4 v0000022342243740_0, 0, 1;
    %pushi/vec4 0, 0, 1;
    %store/vec4 v0000022342242e80_0, 0, 1;
    %pushi/vec4 1, 0, 1;
    %store/vec4 v00000223422431a0_0, 0, 1;
    %pushi/vec4 0, 0, 1;
    %store/vec4 v0000022342242ca0_0, 0, 1;
    %pushi/vec4 0, 0, 1;
    %store/vec4 v00000223422434c0_0, 0, 1;
    %pushi/vec4 0, 0, 1;
    %store/vec4 v0000022342243a60_0, 0, 1;
    %delay 10, 0;
    %pushi/vec4 1, 0, 1;
    %store/vec4 v0000022342243740_0, 0, 1;
    %pushi/vec4 0, 0, 1;
    %store/vec4 v0000022342242e80_0, 0, 1;
    %pushi/vec4 1, 0, 1;
    %store/vec4 v00000223422431a0_0, 0, 1;
    %pushi/vec4 0, 0, 1;
    %store/vec4 v0000022342242ca0_0, 0, 1;
    %pushi/vec4 1, 0, 1;
    %store/vec4 v00000223422434c0_0, 0, 1;
    %pushi/vec4 0, 0, 1;
    %store/vec4 v0000022342243a60_0, 0, 1;
    %delay 10, 0;
    %vpi_call 2 157 "$finish" {0 0 0};
    %end;
    .thread T_0;
# The file index is used to find the file name in the following table.
:file_names 4;
    "N/A";
    "<interactive>";
    "ALU7.v";
    "decoder_ALU7.v";
